"../../../Engine/Content/Animation/DefaultAnimBoneCompressionSettings.uasset" 0
"../../../Engine/Content/Animation/DefaultAnimBoneCompressionSettings.uexp" 1
"../../../Engine/Content/Animation/DefaultAnimCurveCompressionSettings.uasset" 2
"../../../Engine/Content/Animation/DefaultAnimCurveCompressionSettings.uexp" 3
"../../../Engine/Content/EngineMaterials/T_Default_Material_Grid_N.uasset" 4
"../../../Engine/Content/EngineMaterials/T_Default_Material_Grid_N.uexp" 5
"../../../Engine/Content/EngineMaterials/T_Default_Material_Grid_N.ubulk" 6
"../../../Engine/Content/EngineMaterials/T_Default_Material_Grid_M.uasset" 7
"../../../Engine/Content/EngineMaterials/T_Default_Material_Grid_M.uexp" 8
"../../../Engine/Content/EngineMaterials/T_Default_Material_Grid_M.ubulk" 9
"../../../Engine/Content/Functions/Engine_MaterialFunctions01/Opacity/CameraDepthFade.uasset" 10
"../../../Engine/Content/Functions/Engine_MaterialFunctions01/Opacity/CameraDepthFade.uexp" 11
"../../../Engine/Content/EngineMaterials/WorldGridMaterial.uasset" 12
"../../../Engine/Content/EngineMaterials/WorldGridMaterial.uexp" 13
"../../../Engine/Content/ArtTools/RenderToTexture/Meshes/S_1_Unit_Plane.uasset" 14
"../../../Engine/Content/ArtTools/RenderToTexture/Meshes/S_1_Unit_Plane.uexp" 15
"../../../Engine/Content/EngineMaterials/DefaultMaterial.uasset" 16
"../../../Engine/Content/EngineMaterials/DefaultMaterial.uexp" 17
"../../../Engine/Content/BasicShapes/Cone.uasset" 18
"../../../Engine/Content/BasicShapes/Cone.uexp" 19
"../../../Engine/Content/BasicShapes/Cube.uasset" 20
"../../../Engine/Content/BasicShapes/Cube.uexp" 21
"../../../Engine/Content/BasicShapes/Plane.uasset" 22
"../../../Engine/Content/BasicShapes/Plane.uexp" 23
"../../../Engine/Content/BasicShapes/Sphere.uasset" 24
"../../../Engine/Content/BasicShapes/Sphere.uexp" 25
"../../../Engine/Content/EngineMaterials/DefaultPhysicalMaterial.uasset" 26
"../../../Engine/Content/EngineMaterials/DefaultPhysicalMaterial.uexp" 27
"../../../Engine/Content/BufferVisualization/AmbientOcclusion.uasset" 28
"../../../Engine/Content/BufferVisualization/AmbientOcclusion.uexp" 29
"../../../Engine/Content/Functions/Engine_MaterialFunctions02/Utility/AppendMany.uasset" 30
"../../../Engine/Content/Functions/Engine_MaterialFunctions02/Utility/AppendMany.uexp" 31
"../../../Engine/Content/BufferVisualization/Anisotropy.uasset" 32
"../../../Engine/Content/BufferVisualization/Anisotropy.uexp" 33
"../../../Engine/Content/BufferVisualization/BaseColor.uasset" 34
"../../../Engine/Content/BufferVisualization/BaseColor.uexp" 35
"../../../Engine/Content/BufferVisualization/CustomDepth.uasset" 36
"../../../Engine/Content/BufferVisualization/CustomDepth.uexp" 37
"../../../Engine/Content/Functions/Engine_MaterialFunctions02/Utility/VectorLength.uasset" 38
"../../../Engine/Content/Functions/Engine_MaterialFunctions02/Utility/VectorLength.uexp" 39
"../../../Engine/Content/BufferVisualization/CustomDepthWorldUnits.uasset" 40
"../../../Engine/Content/BufferVisualization/CustomDepthWorldUnits.uexp" 41
"../../../Engine/Content/EngineMaterials/MiniFont.uasset" 42
"../../../Engine/Content/EngineMaterials/MiniFont.uexp" 43
"../../../Engine/Content/Functions/Engine_MaterialFunctions02/Utility/MakeFloat3.uasset" 44
"../../../Engine/Content/Functions/Engine_MaterialFunctions02/Utility/MakeFloat3.uexp" 45
"../../../Engine/Content/Functions/Engine_MaterialFunctions02/Utility/MakeFloat2.uasset" 46
"../../../Engine/Content/Functions/Engine_MaterialFunctions02/Utility/MakeFloat2.uexp" 47
"../../../Engine/Content/Functions/Engine_MaterialFunctions02/ScreenResolution.uasset" 48
"../../../Engine/Content/Functions/Engine_MaterialFunctions02/ScreenResolution.uexp" 49
"../../../Engine/Content/Functions/Engine_MaterialFunctions02/Utility/BreakOutFloat2Components.uasset" 50
"../../../Engine/Content/Functions/Engine_MaterialFunctions02/Utility/BreakOutFloat2Components.uexp" 51
"../../../Engine/Content/Functions/Engine_MaterialFunctions01/Texturing/ScaleUVsByCenter.uasset" 52
"../../../Engine/Content/Functions/Engine_MaterialFunctions01/Texturing/ScaleUVsByCenter.uexp" 53
"../../../Engine/Content/Functions/Engine_MaterialFunctions02/Texturing/ScreenAlignedUVs.uasset" 54
"../../../Engine/Content/Functions/Engine_MaterialFunctions02/Texturing/ScreenAlignedUVs.uexp" 55
"../../../Engine/Content/BufferVisualization/CustomStencil.uasset" 56
"../../../Engine/Content/BufferVisualization/CustomStencil.uexp" 57
"../../../Engine/Content/BufferVisualization/FinalImage.uasset" 58
"../../../Engine/Content/BufferVisualization/FinalImage.uexp" 59
"../../../Engine/Content/BufferVisualization/LightingModel.uasset" 60
"../../../Engine/Content/BufferVisualization/LightingModel.uexp" 61
"../../../Engine/Content/BufferVisualization/MaterialAO.uasset" 62
"../../../Engine/Content/BufferVisualization/MaterialAO.uexp" 63
"../../../Engine/Content/BufferVisualization/Metallic.uasset" 64
"../../../Engine/Content/BufferVisualization/Metallic.uexp" 65
"../../../Engine/Content/BufferVisualization/Opacity.uasset" 66
"../../../Engine/Content/BufferVisualization/Opacity.uexp" 67
"../../../Engine/Content/BufferVisualization/PostTonemapHDRColor.uasset" 68
"../../../Engine/Content/BufferVisualization/PostTonemapHDRColor.uexp" 69
"../../../Engine/Content/BufferVisualization/PreTonemapHDRColor.uasset" 70
"../../../Engine/Content/BufferVisualization/PreTonemapHDRColor.uexp" 71
"../../../Engine/Content/BufferVisualization/Roughness.uasset" 72
"../../../Engine/Content/BufferVisualization/Roughness.uexp" 73
"../../../Engine/Content/BufferVisualization/SceneColor.uasset" 74
"../../../Engine/Content/BufferVisualization/SceneColor.uexp" 75
"../../../Engine/Content/BufferVisualization/SceneDepth.uasset" 76
"../../../Engine/Content/BufferVisualization/SceneDepth.uexp" 77
"../../../Engine/Content/BufferVisualization/SceneDepthWorldUnits.uasset" 78
"../../../Engine/Content/BufferVisualization/SceneDepthWorldUnits.uexp" 79
"../../../Engine/Content/BufferVisualization/SeparateTranslucencyA.uasset" 80
"../../../Engine/Content/BufferVisualization/SeparateTranslucencyA.uexp" 81
"../../../Engine/Content/BufferVisualization/SeparateTranslucencyRGB.uasset" 82
"../../../Engine/Content/BufferVisualization/SeparateTranslucencyRGB.uexp" 83
"../../../Engine/Content/BufferVisualization/Specular.uasset" 84
"../../../Engine/Content/BufferVisualization/Specular.uexp" 85
"../../../Engine/Content/BufferVisualization/SubsurfaceColor.uasset" 86
"../../../Engine/Content/BufferVisualization/SubsurfaceColor.uexp" 87
"../../../Engine/Content/BufferVisualization/Velocity.uasset" 88
"../../../Engine/Content/BufferVisualization/Velocity.uexp" 89
"../../../Engine/Content/BufferVisualization/WorldNormal.uasset" 90
"../../../Engine/Content/BufferVisualization/WorldNormal.uexp" 91
"../../../Engine/Content/BufferVisualization/WorldTangent.uasset" 92
"../../../Engine/Content/BufferVisualization/WorldTangent.uexp" 93
"../../../Engine/Content/EditorLandscapeResources/DataLayer.uasset" 94
"../../../Engine/Content/EditorLandscapeResources/DataLayer.uexp" 95
"../../../Engine/Content/EditorLandscapeResources/DefaultAlphaTexture.uasset" 96
"../../../Engine/Content/EditorLandscapeResources/DefaultAlphaTexture.uexp" 97
"../../../Engine/Content/EditorLandscapeResources/LandscapeGizmoHeight_Mat.uasset" 98
"../../../Engine/Content/EditorLandscapeResources/LandscapeGizmoHeight_Mat.uexp" 99
"../../../Engine/Content/EditorLandscapeResources/LandscapeGizmo_Mat.uasset" 100
"../../../Engine/Content/EditorLandscapeResources/LandscapeGizmo_Mat.uexp" 101
"../../../Engine/Content/EditorLandscapeResources/LandscapeGizmo_Mat_Copied.uasset" 102
"../../../Engine/Content/EditorLandscapeResources/LandscapeGizmo_Mat_Copied.uexp" 103
"../../../Engine/Content/EditorLandscapeResources/SplineEditorMeshMat.uasset" 104
"../../../Engine/Content/EditorLandscapeResources/SplineEditorMeshMat.uexp" 105
"../../../Engine/Content/EditorLandscapeResources/SplineEditorMesh.uasset" 106
"../../../Engine/Content/EditorLandscapeResources/SplineEditorMesh.uexp" 107
"../../../Engine/Content/EditorMaterials/Cross.uasset" 108
"../../../Engine/Content/EditorMaterials/Cross.uexp" 109
"../../../Engine/Content/EditorMaterials/Cross_Mat.uasset" 110
"../../../Engine/Content/EditorMaterials/Cross_Mat.uexp" 111
"../../../Engine/Content/EditorResources/T_EditorHelp.uasset" 112
"../../../Engine/Content/EditorResources/T_EditorHelp.uexp" 113
"../../../Engine/Content/EditorResources/T_EditorHelp.ubulk" 114
"../../../Engine/Content/Functions/Engine_MaterialFunctions02/Utility/Sign.uasset" 115
"../../../Engine/Content/Functions/Engine_MaterialFunctions02/Utility/Sign.uexp" 116
"../../../Engine/Content/Functions/Engine_MaterialFunctions02/Utility/Round.uasset" 117
"../../../Engine/Content/Functions/Engine_MaterialFunctions02/Utility/Round.uexp" 118
"../../../Engine/Content/Functions/Engine_MaterialFunctions02/ExampleContent/Textures/DebugNumberPeriod.uasset" 119
"../../../Engine/Content/Functions/Engine_MaterialFunctions02/ExampleContent/Textures/DebugNumberPeriod.uexp" 120
"../../../Engine/Content/Functions/Engine_MaterialFunctions02/ExampleContent/DebugNumberStrip.uasset" 121
"../../../Engine/Content/Functions/Engine_MaterialFunctions02/ExampleContent/DebugNumberStrip.uexp" 122
"../../../Engine/Content/EngineMaterials/DefaultDiffuse.uasset" 123
"../../../Engine/Content/EngineMaterials/DefaultDiffuse.uexp" 124
"../../../Engine/Content/EngineMaterials/DefaultDiffuse.ubulk" 125
"../../../Engine/Content/Functions/Engine_MaterialFunctions01/Texturing/TextureCropping.uasset" 126
"../../../Engine/Content/Functions/Engine_MaterialFunctions01/Texturing/TextureCropping.uexp" 127
"../../../Engine/Content/Functions/Engine_MaterialFunctions01/Texturing/ComputeMipLevel.uasset" 128
"../../../Engine/Content/Functions/Engine_MaterialFunctions01/Texturing/ComputeMipLevel.uexp" 129
"../../../Engine/Content/Functions/Engine_MaterialFunctions02/Utility/DebugScalarValues.uasset" 130
"../../../Engine/Content/Functions/Engine_MaterialFunctions02/Utility/DebugScalarValues.uexp" 131
"../../../Engine/Content/Functions/Engine_MaterialFunctions02/Utility/DebugFloat2Values.uasset" 132
"../../../Engine/Content/Functions/Engine_MaterialFunctions02/Utility/DebugFloat2Values.uexp" 133
"../../../Engine/Content/Functions/Engine_MaterialFunctions02/ExampleContent/Textures/flipbook.uasset" 134
"../../../Engine/Content/Functions/Engine_MaterialFunctions02/ExampleContent/Textures/flipbook.uexp" 135
"../../../Engine/Content/Functions/Engine_MaterialFunctions02/ExampleContent/Textures/flipbook.ubulk" 136
"../../../Engine/Content/Functions/Engine_MaterialFunctions02/Texturing/FlipBook.uasset" 137
"../../../Engine/Content/Functions/Engine_MaterialFunctions02/Texturing/FlipBook.uexp" 138
"../../../Engine/Content/EditorMaterials/HelpActorMaterial.uasset" 139
"../../../Engine/Content/EditorMaterials/HelpActorMaterial.uexp" 140
"../../../Engine/Content/Functions/Engine_MaterialFunctions03/Procedurals/ComputeFilterWidth.uasset" 141
"../../../Engine/Content/Functions/Engine_MaterialFunctions03/Procedurals/ComputeFilterWidth.uexp" 142
"../../../Engine/Content/EngineMaterials/BlendFunc_DefBlend.uasset" 143
"../../../Engine/Content/EngineMaterials/BlendFunc_DefBlend.uexp" 144
"../../../Engine/Content/EngineMaterials/BlendFunc_DefBase.uasset" 145
"../../../Engine/Content/EngineMaterials/BlendFunc_DefBase.uexp" 146
"../../../Engine/Content/Functions/Engine_MaterialFunctions03/Blends/Blend_Screen.uasset" 147
"../../../Engine/Content/Functions/Engine_MaterialFunctions03/Blends/Blend_Screen.uexp" 148
"../../../Engine/Content/EditorMaterials/TilingAALineIntegral.uasset" 149
"../../../Engine/Content/EditorMaterials/TilingAALineIntegral.uexp" 150
"../../../Engine/Content/EditorMaterials/TilingAALineBoxFiltered.uasset" 151
"../../../Engine/Content/EditorMaterials/TilingAALineBoxFiltered.uexp" 152
"../../../Engine/Content/EditorMaterials/TilingAAGrid.uasset" 153
"../../../Engine/Content/EditorMaterials/TilingAAGrid.uexp" 154
"../../../Engine/Content/EditorMaterials/TilingAADots.uasset" 155
"../../../Engine/Content/EditorMaterials/TilingAADots.uexp" 156
"../../../Engine/Content/EditorMaterials/CompositeARGBLayer.uasset" 157
"../../../Engine/Content/EditorMaterials/CompositeARGBLayer.uexp" 158
"../../../Engine/Content/EditorMaterials/LevelGridMaterial.uasset" 159
"../../../Engine/Content/EditorMaterials/LevelGridMaterial.uexp" 160
"../../../Engine/Content/EditorResources/LevelGrid1DStripes.uasset" 161
"../../../Engine/Content/EditorResources/LevelGrid1DStripes.uexp" 162
"../../../Engine/Content/EditorMaterials/TextureGridCascaded1D.uasset" 163
"../../../Engine/Content/EditorMaterials/TextureGridCascaded1D.uexp" 164
"../../../Engine/Content/EditorMaterials/TextureGridCascaded2D.uasset" 165
"../../../Engine/Content/EditorMaterials/TextureGridCascaded2D.uexp" 166
"../../../Engine/Content/EditorMaterials/MakeCompositeARGBLayer.uasset" 167
"../../../Engine/Content/EditorMaterials/MakeCompositeARGBLayer.uexp" 168
"../../../Engine/Content/EditorMaterials/LevelGridMaterial2.uasset" 169
"../../../Engine/Content/EditorMaterials/LevelGridMaterial2.uexp" 170
"../../../Engine/Content/EditorMaterials/MAT_Groups_Toggle.uasset" 171
"../../../Engine/Content/EditorMaterials/MAT_Groups_Toggle.uexp" 172
"../../../Engine/Content/EditorMaterials/MAT_Groups_Visibility.uasset" 173
"../../../Engine/Content/EditorMaterials/MAT_Groups_Visibility.uexp" 174
"../../../Engine/Content/EditorMaterials/PhAT_BoneSelectedMaterial.uasset" 175
"../../../Engine/Content/EditorMaterials/PhAT_BoneSelectedMaterial.uexp" 176
"../../../Engine/Content/EditorMaterials/PhAT_ElemSelectedMaterial.uasset" 177
"../../../Engine/Content/EditorMaterials/PhAT_ElemSelectedMaterial.uexp" 178
"../../../Engine/Content/EditorMaterials/PhAT_NoCollisionMaterial.uasset" 179
"../../../Engine/Content/EditorMaterials/PhAT_NoCollisionMaterial.uexp" 180
"../../../Engine/Content/EditorMaterials/PhAT_UnselectedMaterial.uasset" 181
"../../../Engine/Content/EditorMaterials/PhAT_UnselectedMaterial.uexp" 182
"../../../Engine/Content/EditorMaterials/PreviewShadowIndicator.uasset" 183
"../../../Engine/Content/EditorMaterials/PreviewShadowIndicator.uexp" 184
"../../../Engine/Content/EditorMaterials/PreviewShadowIndicator.ubulk" 185
"../../../Engine/Content/EditorMaterials/PreviewShadowIndicatorMaterial.uasset" 186
"../../../Engine/Content/EditorMaterials/PreviewShadowIndicatorMaterial.uexp" 187
"../../../Engine/Content/EditorMaterials/TargetIcon.uasset" 188
"../../../Engine/Content/EditorMaterials/TargetIcon.uexp" 189
"../../../Engine/Content/EditorMaterials/TargetIcon.ubulk" 190
"../../../Engine/Content/EditorMaterials/Tick.uasset" 191
"../../../Engine/Content/EditorMaterials/Tick.uexp" 192
"../../../Engine/Content/EditorMaterials/Tick_Mat.uasset" 193
"../../../Engine/Content/EditorMaterials/Tick_Mat.uexp" 194
"../../../Engine/Content/EditorMaterials/WidgetGridVertexColorMaterial.uasset" 195
"../../../Engine/Content/EditorMaterials/WidgetGridVertexColorMaterial.uexp" 196
"../../../Engine/Content/EditorMaterials/WidgetGridVertexColorMaterial.ubulk" 197
"../../../Engine/Content/EditorMaterials/WidgetGridVertexColorMaterial_Ma.uasset" 198
"../../../Engine/Content/EditorMaterials/WidgetGridVertexColorMaterial_Ma.uexp" 199
"../../../Engine/Content/EditorMaterials/WidgetMaterial.uasset" 200
"../../../Engine/Content/EditorMaterials/WidgetMaterial.uexp" 201
"../../../Engine/Content/EditorMaterials/WidgetMaterial_Current.uasset" 202
"../../../Engine/Content/EditorMaterials/WidgetMaterial_Current.uexp" 203
"../../../Engine/Content/EditorMaterials/WidgetMaterial_X.uasset" 204
"../../../Engine/Content/EditorMaterials/WidgetMaterial_X.uexp" 205
"../../../Engine/Content/EditorMaterials/WidgetMaterial_Y.uasset" 206
"../../../Engine/Content/EditorMaterials/WidgetMaterial_Y.uexp" 207
"../../../Engine/Content/EditorMaterials/WidgetMaterial_Z.uasset" 208
"../../../Engine/Content/EditorMaterials/WidgetMaterial_Z.uexp" 209
"../../../Engine/Content/EditorMaterials/WidgetVertexColorMaterial.uasset" 210
"../../../Engine/Content/EditorMaterials/WidgetVertexColorMaterial.uexp" 211
"../../../Engine/Content/EditorMaterials/MatineeGroups/MAT_ColorTrack.uasset" 212
"../../../Engine/Content/EditorMaterials/MatineeGroups/MAT_ColorTrack.uexp" 213
"../../../Engine/Content/EditorMaterials/MatineeGroups/MAT_Groups_Anim.uasset" 214
"../../../Engine/Content/EditorMaterials/MatineeGroups/MAT_Groups_Anim.uexp" 215
"../../../Engine/Content/EditorMaterials/MatineeGroups/MAT_Groups_AudioMaster.uasset" 216
"../../../Engine/Content/EditorMaterials/MatineeGroups/MAT_Groups_AudioMaster.uexp" 217
"../../../Engine/Content/EditorMaterials/MatineeGroups/MAT_Groups_Director.uasset" 218
"../../../Engine/Content/EditorMaterials/MatineeGroups/MAT_Groups_Director.uexp" 219
"../../../Engine/Content/EditorMaterials/MatineeGroups/MAT_Groups_Event.uasset" 220
"../../../Engine/Content/EditorMaterials/MatineeGroups/MAT_Groups_Event.uexp" 221
"../../../Engine/Content/EditorMaterials/MatineeGroups/MAT_Groups_Fade.uasset" 222
"../../../Engine/Content/EditorMaterials/MatineeGroups/MAT_Groups_Fade.uexp" 223
"../../../Engine/Content/EditorMaterials/MatineeGroups/MAT_Groups_Float.uasset" 224
"../../../Engine/Content/EditorMaterials/MatineeGroups/MAT_Groups_Float.uexp" 225
"../../../Engine/Content/EditorMaterials/MatineeGroups/MAT_Groups_Move.uasset" 226
"../../../Engine/Content/EditorMaterials/MatineeGroups/MAT_Groups_Move.uexp" 227
"../../../Engine/Content/EditorMaterials/MatineeGroups/MAT_Groups_Slomo.uasset" 228
"../../../Engine/Content/EditorMaterials/MatineeGroups/MAT_Groups_Slomo.uexp" 229
"../../../Engine/Content/EditorMaterials/MatineeGroups/MAT_Groups_Sound.uasset" 230
"../../../Engine/Content/EditorMaterials/MatineeGroups/MAT_Groups_Sound.uexp" 231
"../../../Engine/Content/EditorMaterials/MatineeGroups/MAT_Groups_Vector.uasset" 232
"../../../Engine/Content/EditorMaterials/MatineeGroups/MAT_Groups_Vector.uexp" 233
"../../../Engine/Content/EditorMaterials/ParticleSystems/PSysThumbnail_NoImage.uasset" 234
"../../../Engine/Content/EditorMaterials/ParticleSystems/PSysThumbnail_NoImage.uexp" 235
"../../../Engine/Content/EditorMaterials/ParticleSystems/PSysThumbnail_NoImage.ubulk" 236
"../../../Engine/Content/EditorMaterials/ParticleSystems/PSysThumbnail_OOD.uasset" 237
"../../../Engine/Content/EditorMaterials/ParticleSystems/PSysThumbnail_OOD.uexp" 238
"../../../Engine/Content/EditorMaterials/ParticleSystems/PSysThumbnail_OOD.ubulk" 239
"../../../Engine/Content/EngineMaterials/Grid.uasset" 240
"../../../Engine/Content/EngineMaterials/Grid.uexp" 241
"../../../Engine/Content/EngineMaterials/Grid.ubulk" 242
"../../../Engine/Content/EditorMaterials/Thumbnails/FloorPlaneMaterial.uasset" 243
"../../../Engine/Content/EditorMaterials/Thumbnails/FloorPlaneMaterial.uexp" 244
"../../../Engine/Content/EditorMeshes/EditorCube.uasset" 245
"../../../Engine/Content/EditorMeshes/EditorCube.uexp" 246
"../../../Engine/Content/EditorMeshes/EditorCylinder.uasset" 247
"../../../Engine/Content/EditorMeshes/EditorCylinder.uexp" 248
"../../../Engine/Content/EditorMeshes/EditorPlane.uasset" 249
"../../../Engine/Content/EditorMeshes/EditorPlane.uexp" 250
"../../../Engine/Content/EditorMaterials/Thumbnails/SkySphereMaterial.uasset" 251
"../../../Engine/Content/EditorMaterials/Thumbnails/SkySphereMaterial.uexp" 252
"../../../Engine/Content/EditorMeshes/EditorSkySphere.uasset" 253
"../../../Engine/Content/EditorMeshes/EditorSkySphere.uexp" 254
"../../../Engine/Content/EditorMeshes/EditorSphere.uasset" 255
"../../../Engine/Content/EditorMeshes/EditorSphere.uexp" 256
"../../../Engine/Content/EditorResources/MatineeCam_D.uasset" 257
"../../../Engine/Content/EditorResources/MatineeCam_D.uexp" 258
"../../../Engine/Content/EditorMaterials/MatineeCam_mat.uasset" 259
"../../../Engine/Content/EditorMaterials/MatineeCam_mat.uexp" 260
"../../../Engine/Content/EditorMeshes/MatineeCam_SM.uasset" 261
"../../../Engine/Content/EditorMeshes/MatineeCam_SM.uexp" 262
"../../../Engine/Content/EditorMeshes/PlanarReflectionPlane.uasset" 263
"../../../Engine/Content/EditorMeshes/PlanarReflectionPlane.uexp" 264
"../../../Engine/Content/EngineDebugMaterials/M_SimpleOpaque.uasset" 265
"../../../Engine/Content/EngineDebugMaterials/M_SimpleOpaque.uexp" 266
"../../../Engine/Content/EditorMaterials/Camera/MI_CineMat_CamViewFinder.uasset" 267
"../../../Engine/Content/EditorMaterials/Camera/MI_CineMat_CamViewFinder.uexp" 268
"../../../Engine/Content/EditorMaterials/Camera/CineMat.uasset" 269
"../../../Engine/Content/EditorMaterials/Camera/CineMat.uexp" 270
"../../../Engine/Content/EditorMaterials/Camera/MI_CineMat_CameraBody.uasset" 271
"../../../Engine/Content/EditorMaterials/Camera/MI_CineMat_CameraBody.uexp" 272
"../../../Engine/Content/EditorMeshes/Camera/SM_CineCam.uasset" 273
"../../../Engine/Content/EditorMeshes/Camera/SM_CineCam.uexp" 274
"../../../Engine/Content/EditorMaterials/Camera/MI_CineMat_Rig.uasset" 275
"../../../Engine/Content/EditorMaterials/Camera/MI_CineMat_Rig.uexp" 276
"../../../Engine/Content/EditorMeshes/Camera/SM_CraneRig_Arm.uasset" 277
"../../../Engine/Content/EditorMeshes/Camera/SM_CraneRig_Arm.uexp" 278
"../../../Engine/Content/EditorMeshes/Camera/SM_CraneRig_Base.uasset" 279
"../../../Engine/Content/EditorMeshes/Camera/SM_CraneRig_Base.uexp" 280
"../../../Engine/Content/EditorMeshes/Camera/SM_CraneRig_Body.uasset" 281
"../../../Engine/Content/EditorMeshes/Camera/SM_CraneRig_Body.uexp" 282
"../../../Engine/Content/EditorMeshes/Camera/SM_CraneRig_Mount.uasset" 283
"../../../Engine/Content/EditorMeshes/Camera/SM_CraneRig_Mount.uexp" 284
"../../../Engine/Content/EditorMeshes/Camera/SM_RailRig_Mount.uasset" 285
"../../../Engine/Content/EditorMeshes/Camera/SM_RailRig_Mount.uexp" 286
"../../../Engine/Content/EditorMeshes/Camera/SM_RailRig_Track.uasset" 287
"../../../Engine/Content/EditorMeshes/Camera/SM_RailRig_Track.uexp" 288
"../../../Engine/Content/EditorMeshes/ColorCalibrator/M_ChromeBall.uasset" 289
"../../../Engine/Content/EditorMeshes/ColorCalibrator/M_ChromeBall.uexp" 290
"../../../Engine/Content/EditorResources/Bad.uasset" 291
"../../../Engine/Content/EditorResources/Bad.uexp" 292
"../../../Engine/Content/EditorResources/Bad.ubulk" 293
"../../../Engine/Content/EditorResources/BSPVertex.uasset" 294
"../../../Engine/Content/EditorResources/BSPVertex.uexp" 295
"../../../Engine/Content/EditorResources/EmptyActor.uasset" 296
"../../../Engine/Content/EditorResources/EmptyActor.uexp" 297
"../../../Engine/Content/EditorResources/MatInstActSprite.uasset" 298
"../../../Engine/Content/EditorResources/MatInstActSprite.uexp" 299
"../../../Engine/Content/EditorResources/MatInstActSprite.ubulk" 300
"../../../Engine/Content/EditorResources/SceneManager.uasset" 301
"../../../Engine/Content/EditorResources/SceneManager.uexp" 302
"../../../Engine/Content/EditorResources/SceneManager.ubulk" 303
"../../../Engine/Content/EditorResources/SmallFont.uasset" 304
"../../../Engine/Content/EditorResources/SmallFont.uexp" 305
"../../../Engine/Content/EditorResources/S_Actor.uasset" 306
"../../../Engine/Content/EditorResources/S_Actor.uexp" 307
"../../../Engine/Content/EditorResources/S_Actor.ubulk" 308
"../../../Engine/Content/EditorResources/S_CameraShakeSource.uasset" 309
"../../../Engine/Content/EditorResources/S_CameraShakeSource.uexp" 310
"../../../Engine/Content/EditorResources/S_DecalActorIcon.uasset" 311
"../../../Engine/Content/EditorResources/S_DecalActorIcon.uexp" 312
"../../../Engine/Content/EditorResources/S_DecalActorIcon.ubulk" 313
"../../../Engine/Content/EditorResources/S_Emitter.uasset" 314
"../../../Engine/Content/EditorResources/S_Emitter.uexp" 315
"../../../Engine/Content/EditorResources/S_Emitter.ubulk" 316
"../../../Engine/Content/EditorResources/S_ExpoHeightFog.uasset" 317
"../../../Engine/Content/EditorResources/S_ExpoHeightFog.uexp" 318
"../../../Engine/Content/EditorResources/S_ExpoHeightFog.ubulk" 319
"../../../Engine/Content/EditorResources/S_FTest.uasset" 320
"../../../Engine/Content/EditorResources/S_FTest.uexp" 321
"../../../Engine/Content/EditorResources/S_KBSJoint.uasset" 322
"../../../Engine/Content/EditorResources/S_KBSJoint.uexp" 323
"../../../Engine/Content/EditorResources/S_KBSJoint.ubulk" 324
"../../../Engine/Content/EditorResources/S_KHinge.uasset" 325
"../../../Engine/Content/EditorResources/S_KHinge.uexp" 326
"../../../Engine/Content/EditorResources/S_KHinge.ubulk" 327
"../../../Engine/Content/EditorResources/S_KPrismatic.uasset" 328
"../../../Engine/Content/EditorResources/S_KPrismatic.uexp" 329
"../../../Engine/Content/EditorResources/S_KPrismatic.ubulk" 330
"../../../Engine/Content/EditorResources/S_LevelSequence.uasset" 331
"../../../Engine/Content/EditorResources/S_LevelSequence.uexp" 332
"../../../Engine/Content/EditorResources/S_LevelSequence.ubulk" 333
"../../../Engine/Content/EditorResources/S_NavP.uasset" 334
"../../../Engine/Content/EditorResources/S_NavP.uexp" 335
"../../../Engine/Content/EditorResources/S_NavP.ubulk" 336
"../../../Engine/Content/EditorResources/S_Note.uasset" 337
"../../../Engine/Content/EditorResources/S_Note.uexp" 338
"../../../Engine/Content/EditorResources/S_Note.ubulk" 339
"../../../Engine/Content/EditorResources/S_Player.uasset" 340
"../../../Engine/Content/EditorResources/S_Player.uexp" 341
"../../../Engine/Content/EditorResources/S_Player.ubulk" 342
"../../../Engine/Content/EditorResources/S_PortalActorIcon2.uasset" 343
"../../../Engine/Content/EditorResources/S_PortalActorIcon2.uexp" 344
"../../../Engine/Content/EditorResources/S_PortalActorIcon2.ubulk" 345
"../../../Engine/Content/EditorResources/S_RadForce.uasset" 346
"../../../Engine/Content/EditorResources/S_RadForce.uexp" 347
"../../../Engine/Content/EditorResources/S_RadForce.ubulk" 348
"../../../Engine/Content/EditorResources/S_ReflActorIcon.uasset" 349
"../../../Engine/Content/EditorResources/S_ReflActorIcon.uexp" 350
"../../../Engine/Content/EditorResources/S_ReflActorIcon.ubulk" 351
"../../../Engine/Content/EditorResources/S_SkyAtmosphere.uasset" 352
"../../../Engine/Content/EditorResources/S_SkyAtmosphere.uexp" 353
"../../../Engine/Content/EditorResources/S_SkyAtmosphere.ubulk" 354
"../../../Engine/Content/EditorResources/S_Solver.uasset" 355
"../../../Engine/Content/EditorResources/S_Solver.uexp" 356
"../../../Engine/Content/EditorResources/S_Solver.ubulk" 357
"../../../Engine/Content/EditorResources/S_Terrain.uasset" 358
"../../../Engine/Content/EditorResources/S_Terrain.uexp" 359
"../../../Engine/Content/EditorResources/S_Terrain.ubulk" 360
"../../../Engine/Content/EditorResources/S_TextRenderActorIcon.uasset" 361
"../../../Engine/Content/EditorResources/S_TextRenderActorIcon.uexp" 362
"../../../Engine/Content/EditorResources/S_TextRenderActorIcon.ubulk" 363
"../../../Engine/Content/EditorResources/S_Thruster.uasset" 364
"../../../Engine/Content/EditorResources/S_Thruster.uexp" 365
"../../../Engine/Content/EditorResources/S_Thruster.ubulk" 366
"../../../Engine/Content/EditorResources/S_Trigger.uasset" 367
"../../../Engine/Content/EditorResources/S_Trigger.uexp" 368
"../../../Engine/Content/EditorResources/S_Trigger.ubulk" 369
"../../../Engine/Content/EditorResources/S_VectorFieldVol.uasset" 370
"../../../Engine/Content/EditorResources/S_VectorFieldVol.uexp" 371
"../../../Engine/Content/EditorResources/S_VectorFieldVol.ubulk" 372
"../../../Engine/Content/EditorResources/S_VolumetricCloud.uasset" 373
"../../../Engine/Content/EditorResources/S_VolumetricCloud.uexp" 374
"../../../Engine/Content/EditorResources/S_VolumetricCloud.ubulk" 375
"../../../Engine/Content/EditorResources/S_WindDirectional.uasset" 376
"../../../Engine/Content/EditorResources/S_WindDirectional.uexp" 377
"../../../Engine/Content/EditorResources/S_WindDirectional.ubulk" 378
"../../../Engine/Content/EditorResources/AI/S_NavLink.uasset" 379
"../../../Engine/Content/EditorResources/AI/S_NavLink.uexp" 380
"../../../Engine/Content/EditorResources/AudioIcons/S_AudioComponent_AutoActivate.uasset" 381
"../../../Engine/Content/EditorResources/AudioIcons/S_AudioComponent_AutoActivate.uexp" 382
"../../../Engine/Content/EditorResources/AudioIcons/S_AudioComponent_AutoActivate.ubulk" 383
"../../../Engine/Content/EditorResources/LightIcons/SkyLight.uasset" 384
"../../../Engine/Content/EditorResources/LightIcons/SkyLight.uexp" 385
"../../../Engine/Content/EditorResources/LightIcons/S_LightDirectional.uasset" 386
"../../../Engine/Content/EditorResources/LightIcons/S_LightDirectional.uexp" 387
"../../../Engine/Content/EditorResources/LightIcons/S_LightDirectionalMove.uasset" 388
"../../../Engine/Content/EditorResources/LightIcons/S_LightDirectionalMove.uexp" 389
"../../../Engine/Content/EditorResources/LightIcons/S_LightError.uasset" 390
"../../../Engine/Content/EditorResources/LightIcons/S_LightError.uexp" 391
"../../../Engine/Content/EditorResources/LightIcons/S_LightPoint.uasset" 392
"../../../Engine/Content/EditorResources/LightIcons/S_LightPoint.uexp" 393
"../../../Engine/Content/EditorResources/LightIcons/S_LightPointMove.uasset" 394
"../../../Engine/Content/EditorResources/LightIcons/S_LightPointMove.uexp" 395
"../../../Engine/Content/EditorResources/LightIcons/S_LightSpot.uasset" 396
"../../../Engine/Content/EditorResources/LightIcons/S_LightSpot.uexp" 397
"../../../Engine/Content/EditorResources/LightIcons/S_LightSpotMove.uasset" 398
"../../../Engine/Content/EditorResources/LightIcons/S_LightSpotMove.uexp" 399
"../../../Engine/Content/EditorResources/SequenceRecorder/Countdown.uasset" 400
"../../../Engine/Content/EditorResources/SequenceRecorder/Countdown.uexp" 401
"../../../Engine/Content/EditorResources/SequenceRecorder/RecordingIndicator.uasset" 402
"../../../Engine/Content/EditorResources/SequenceRecorder/RecordingIndicator.uexp" 403
"../../../Engine/Content/EditorResources/Spline/T_Loft_Spline.uasset" 404
"../../../Engine/Content/EditorResources/Spline/T_Loft_Spline.uexp" 405
"../../../Engine/Content/EditorSounds/Notifications/CompileSuccess.uasset" 406
"../../../Engine/Content/EditorSounds/Notifications/CompileSuccess.uexp" 407
"../../../Engine/Content/EditorSounds/Notifications/CompileStart_Cue.uasset" 408
"../../../Engine/Content/EditorSounds/Notifications/CompileStart_Cue.uexp" 409
"../../../Engine/Content/EngineDamageTypes/DmgTypeBP_Environmental.uasset" 410
"../../../Engine/Content/EngineDamageTypes/DmgTypeBP_Environmental.uexp" 411
"../../../Engine/Content/EngineDebugMaterials/HeatmapGradient.uasset" 412
"../../../Engine/Content/EngineDebugMaterials/HeatmapGradient.uexp" 413
"../../../Engine/Content/EngineDebugMaterials/HeatmapGradient.ubulk" 414
"../../../Engine/Content/EngineDebugMaterials/BoneWeightMaterial.uasset" 415
"../../../Engine/Content/EngineDebugMaterials/BoneWeightMaterial.uexp" 416
"../../../Engine/Content/EngineDebugMaterials/ClothMaterial.uasset" 417
"../../../Engine/Content/EngineDebugMaterials/ClothMaterial.uexp" 418
"../../../Engine/Content/EngineDebugMaterials/ClothMaterial_WF.uasset" 419
"../../../Engine/Content/EngineDebugMaterials/ClothMaterial_WF.uexp" 420
"../../../Engine/Content/EngineDebugMaterials/DebugEditorMaterial.uasset" 421
"../../../Engine/Content/EngineDebugMaterials/DebugEditorMaterial.uexp" 422
"../../../Engine/Content/EngineDebugMaterials/DebugMeshMaterial.uasset" 423
"../../../Engine/Content/EngineDebugMaterials/DebugMeshMaterial.uexp" 424
"../../../Engine/Content/EngineDebugMaterials/GeomMaterial.uasset" 425
"../../../Engine/Content/EngineDebugMaterials/GeomMaterial.uexp" 426
"../../../Engine/Content/Functions/Engine_MaterialFunctions01/Shading/ConvertFromDiffSpec.uasset" 427
"../../../Engine/Content/Functions/Engine_MaterialFunctions01/Shading/ConvertFromDiffSpec.uexp" 428
"../../../Engine/Content/EngineDebugMaterials/LevelColorationLitMaterial.uasset" 429
"../../../Engine/Content/EngineDebugMaterials/LevelColorationLitMaterial.uexp" 430
"../../../Engine/Content/EngineDebugMaterials/LevelColorationUnlitMaterial.uasset" 431
"../../../Engine/Content/EngineDebugMaterials/LevelColorationUnlitMaterial.uexp" 432
"../../../Engine/Content/EngineMaterials/DefaultWhiteGrid.uasset" 433
"../../../Engine/Content/EngineMaterials/DefaultWhiteGrid.uexp" 434
"../../../Engine/Content/EngineMaterials/DefaultWhiteGrid.ubulk" 435
"../../../Engine/Content/EngineDebugMaterials/MAT_LevelColorationLitLightmapUV.uasset" 436
"../../../Engine/Content/EngineDebugMaterials/MAT_LevelColorationLitLightmapUV.uexp" 437
"../../../Engine/Content/EngineDebugMaterials/M_SimpleUnlitTranslucent.uasset" 438
"../../../Engine/Content/EngineDebugMaterials/M_SimpleUnlitTranslucent.uexp" 439
"../../../Engine/Content/EngineDebugMaterials/VolumeToRender.uasset" 440
"../../../Engine/Content/EngineDebugMaterials/VolumeToRender.uexp" 441
"../../../Engine/Content/Functions/Engine_MaterialFunctions02/Utility/CameraDirectionVector.uasset" 442
"../../../Engine/Content/Functions/Engine_MaterialFunctions02/Utility/CameraDirectionVector.uexp" 443
"../../../Engine/Content/EngineDebugMaterials/M_VolumeRenderSphereTracePP.uasset" 444
"../../../Engine/Content/EngineDebugMaterials/M_VolumeRenderSphereTracePP.uexp" 445
"../../../Engine/Content/EngineMaterials/DefaultWhiteGrid_Low.uasset" 446
"../../../Engine/Content/EngineMaterials/DefaultWhiteGrid_Low.uexp" 447
"../../../Engine/Content/EngineDebugMaterials/PhysicalMaterialMaskMaterial.uasset" 448
"../../../Engine/Content/EngineDebugMaterials/PhysicalMaterialMaskMaterial.uexp" 449
"../../../Engine/Content/EngineDebugMaterials/ShadedLevelColorationLitMaterial.uasset" 450
"../../../Engine/Content/EngineDebugMaterials/ShadedLevelColorationLitMaterial.uexp" 451
"../../../Engine/Content/EngineDebugMaterials/ShadedLevelColorationUnlitMateri.uasset" 452
"../../../Engine/Content/EngineDebugMaterials/ShadedLevelColorationUnlitMateri.uexp" 453
"../../../Engine/Content/EngineDebugMaterials/VertexColorMaterial.uasset" 454
"../../../Engine/Content/EngineDebugMaterials/VertexColorMaterial.uexp" 455
"../../../Engine/Content/EngineDebugMaterials/VertexColorViewMode_AlphaAsColor.uasset" 456
"../../../Engine/Content/EngineDebugMaterials/VertexColorViewMode_AlphaAsColor.uexp" 457
"../../../Engine/Content/EngineDebugMaterials/VertexColorViewMode_BlueOnly.uasset" 458
"../../../Engine/Content/EngineDebugMaterials/VertexColorViewMode_BlueOnly.uexp" 459
"../../../Engine/Content/EngineDebugMaterials/VertexColorViewMode_ColorOnly.uasset" 460
"../../../Engine/Content/EngineDebugMaterials/VertexColorViewMode_ColorOnly.uexp" 461
"../../../Engine/Content/EngineDebugMaterials/VertexColorViewMode_GreenOnly.uasset" 462
"../../../Engine/Content/EngineDebugMaterials/VertexColorViewMode_GreenOnly.uexp" 463
"../../../Engine/Content/EngineDebugMaterials/VertexColorViewMode_RedOnly.uasset" 464
"../../../Engine/Content/EngineDebugMaterials/VertexColorViewMode_RedOnly.uexp" 465
"../../../Engine/Content/EngineDebugMaterials/WireframeMaterial.uasset" 466
"../../../Engine/Content/EngineDebugMaterials/WireframeMaterial.uexp" 467
"../../../Engine/Content/EngineFonts/Faces/RobotoRegular.uasset" 468
"../../../Engine/Content/EngineFonts/Faces/RobotoRegular.uexp" 469
"../../../Engine/Content/EngineFonts/Faces/RobotoRegular.ufont" 470
"../../../Engine/Content/EngineFonts/Faces/RobotoLight.uasset" 471
"../../../Engine/Content/EngineFonts/Faces/RobotoLight.uexp" 472
"../../../Engine/Content/EngineFonts/Faces/RobotoLight.ufont" 473
"../../../Engine/Content/EngineFonts/Faces/RobotoItalic.uasset" 474
"../../../Engine/Content/EngineFonts/Faces/RobotoItalic.uexp" 475
"../../../Engine/Content/EngineFonts/Faces/RobotoItalic.ufont" 476
"../../../Engine/Content/EngineFonts/Faces/RobotoBoldItalic.uasset" 477
"../../../Engine/Content/EngineFonts/Faces/RobotoBoldItalic.uexp" 478
"../../../Engine/Content/EngineFonts/Faces/RobotoBoldItalic.ufont" 479
"../../../Engine/Content/EngineFonts/Faces/RobotoBold.uasset" 480
"../../../Engine/Content/EngineFonts/Faces/RobotoBold.uexp" 481
"../../../Engine/Content/EngineFonts/Faces/RobotoBold.ufont" 482
"../../../Engine/Content/EngineFonts/Faces/DroidSansFallback.uasset" 483
"../../../Engine/Content/EngineFonts/Faces/DroidSansFallback.uexp" 484
"../../../Engine/Content/EngineFonts/Faces/DroidSansFallback.ufont" 485
"../../../Engine/Content/EngineFonts/Roboto.uasset" 486
"../../../Engine/Content/EngineFonts/Roboto.uexp" 487
"../../../Engine/Content/EngineFonts/Faces/RobotoTiny.uasset" 488
"../../../Engine/Content/EngineFonts/Faces/RobotoTiny.uexp" 489
"../../../Engine/Content/EngineFonts/Faces/RobotoTiny.ufont" 490
"../../../Engine/Content/EngineFonts/RobotoTiny.uasset" 491
"../../../Engine/Content/EngineFonts/RobotoTiny.uexp" 492
"../../../Engine/Content/EngineFonts/SmallFont.uasset" 493
"../../../Engine/Content/EngineFonts/SmallFont.uexp" 494
"../../../Engine/Content/EngineFonts/TinyFont.uasset" 495
"../../../Engine/Content/EngineFonts/TinyFont.uexp" 496
"../../../Engine/Content/EngineMaterials/BaseFlattenNormalMap.uasset" 497
"../../../Engine/Content/EngineMaterials/BaseFlattenNormalMap.uexp" 498
"../../../Engine/Content/EngineMaterials/BaseFlattenGrayscaleMap.uasset" 499
"../../../Engine/Content/EngineMaterials/BaseFlattenGrayscaleMap.uexp" 500
"../../../Engine/Content/EngineMaterials/BaseFlattenEmissiveMap.uasset" 501
"../../../Engine/Content/EngineMaterials/BaseFlattenEmissiveMap.uexp" 502
"../../../Engine/Content/EngineMaterials/BaseFlattenDiffuseMap.uasset" 503
"../../../Engine/Content/EngineMaterials/BaseFlattenDiffuseMap.uexp" 504
"../../../Engine/Content/EngineMaterials/BaseFlattenMaterial.uasset" 505
"../../../Engine/Content/EngineMaterials/BaseFlattenMaterial.uexp" 506
"../../../Engine/Content/EngineResources/WhiteSquareTexture.uasset" 507
"../../../Engine/Content/EngineResources/WhiteSquareTexture.uexp" 508
"../../../Engine/Content/EngineMaterials/BlinkingCaret.uasset" 509
"../../../Engine/Content/EngineMaterials/BlinkingCaret.uexp" 510
"../../../Engine/Content/EngineMaterials/BlueNoise.uasset" 511
"../../../Engine/Content/EngineMaterials/BlueNoise.uexp" 512
"../../../Engine/Content/EngineMaterials/DefaultBloomKernel.uasset" 513
"../../../Engine/Content/EngineMaterials/DefaultBloomKernel.uexp" 514
"../../../Engine/Content/EngineMaterials/DefaultBokeh.uasset" 515
"../../../Engine/Content/EngineMaterials/DefaultBokeh.uexp" 516
"../../../Engine/Content/EngineMaterials/DefaultDeferredDecalMaterial.uasset" 517
"../../../Engine/Content/EngineMaterials/DefaultDeferredDecalMaterial.uexp" 518
"../../../Engine/Content/EngineMaterials/DefaultLightFunctionMaterial.uasset" 519
"../../../Engine/Content/EngineMaterials/DefaultLightFunctionMaterial.uexp" 520
"../../../Engine/Content/EngineMaterials/DefaultNormal.uasset" 521
"../../../Engine/Content/EngineMaterials/DefaultNormal.uexp" 522
"../../../Engine/Content/EngineMaterials/DefaultNormal.ubulk" 523
"../../../Engine/Content/EngineMaterials/DefaultPostProcessMaterial.uasset" 524
"../../../Engine/Content/EngineMaterials/DefaultPostProcessMaterial.uexp" 525
"../../../Engine/Content/EngineFonts/RobotoDistanceField.uasset" 526
"../../../Engine/Content/EngineFonts/RobotoDistanceField.uexp" 527
"../../../Engine/Content/EngineMaterials/DefaultTextMaterialOpaque.uasset" 528
"../../../Engine/Content/EngineMaterials/DefaultTextMaterialOpaque.uexp" 529
"../../../Engine/Content/EngineMaterials/EditorBrushMaterial.uasset" 530
"../../../Engine/Content/EngineMaterials/EditorBrushMaterial.uexp" 531
"../../../Engine/Content/EngineMaterials/EmissiveMeshMaterial.uasset" 532
"../../../Engine/Content/EngineMaterials/EmissiveMeshMaterial.uexp" 533
"../../../Engine/Content/EngineMaterials/GizmoMaterial.uasset" 534
"../../../Engine/Content/EngineMaterials/GizmoMaterial.uexp" 535
"../../../Engine/Content/EngineMaterials/Good64x64TilingNoiseHighFreq.uasset" 536
"../../../Engine/Content/EngineMaterials/Good64x64TilingNoiseHighFreq.uexp" 537
"../../../Engine/Content/EngineMaterials/Grid_N.uasset" 538
"../../../Engine/Content/EngineMaterials/Grid_N.uexp" 539
"../../../Engine/Content/EngineMaterials/Grid_N.ubulk" 540
"../../../Engine/Content/EngineMaterials/HighResolutionScreenshotMaskFunction.uasset" 541
"../../../Engine/Content/EngineMaterials/HighResolutionScreenshotMaskFunction.uexp" 542
"../../../Engine/Content/EngineMaterials/HighResScreenshot.uasset" 543
"../../../Engine/Content/EngineMaterials/HighResScreenshot.uexp" 544
"../../../Engine/Content/EngineMaterials/HighResScreenshotCaptureRegion.uasset" 545
"../../../Engine/Content/EngineMaterials/HighResScreenshotCaptureRegion.uexp" 546
"../../../Engine/Content/EngineMaterials/HighResScreenshotMask.uasset" 547
"../../../Engine/Content/EngineMaterials/HighResScreenshotMask.uexp" 548
"../../../Engine/Content/EngineMaterials/LandscapeHolePhysicalMaterial.uasset" 549
"../../../Engine/Content/EngineMaterials/LandscapeHolePhysicalMaterial.uexp" 550
"../../../Engine/Content/EngineMaterials/InvalidLightmapSettings.uasset" 551
"../../../Engine/Content/EngineMaterials/InvalidLightmapSettings.uexp" 552
"../../../Engine/Content/EngineMaterials/InvalidLightmapSettings.ubulk" 553
"../../../Engine/Content/EngineMaterials/M_InvalidLightmapSettings.uasset" 554
"../../../Engine/Content/EngineMaterials/M_InvalidLightmapSettings.uexp" 555
"../../../Engine/Content/EngineMaterials/PaperDiffuse.uasset" 556
"../../../Engine/Content/EngineMaterials/PaperDiffuse.uexp" 557
"../../../Engine/Content/EngineMaterials/PaperNormal.uasset" 558
"../../../Engine/Content/EngineMaterials/PaperNormal.uexp" 559
"../../../Engine/Content/Functions/Engine_MaterialFunctions02/WorldPositionOffset/CameraOffset.uasset" 560
"../../../Engine/Content/Functions/Engine_MaterialFunctions02/WorldPositionOffset/CameraOffset.uexp" 561
"../../../Engine/Content/EngineMaterials/PhAT_JointLimitMaterial.uasset" 562
"../../../Engine/Content/EngineMaterials/PhAT_JointLimitMaterial.uexp" 563
"../../../Engine/Content/EngineMaterials/PhysMat_Rubber.uasset" 564
"../../../Engine/Content/EngineMaterials/PhysMat_Rubber.uexp" 565
"../../../Engine/Content/EngineMaterials/DefaultCalibrationColor.uasset" 566
"../../../Engine/Content/EngineMaterials/DefaultCalibrationColor.uexp" 567
"../../../Engine/Content/EngineMaterials/PPM_DefaultCalibrationColor.uasset" 568
"../../../Engine/Content/EngineMaterials/PPM_DefaultCalibrationColor.uexp" 569
"../../../Engine/Content/EngineMaterials/DefaultCalibrationGrayscale.uasset" 570
"../../../Engine/Content/EngineMaterials/DefaultCalibrationGrayscale.uexp" 571
"../../../Engine/Content/EngineMaterials/PPM_DefaultCalibrationGrayscale.uasset" 572
"../../../Engine/Content/EngineMaterials/PPM_DefaultCalibrationGrayscale.uexp" 573
"../../../Engine/Content/EngineMaterials/PreintegratedSkinBRDF.uasset" 574
"../../../Engine/Content/EngineMaterials/PreintegratedSkinBRDF.uexp" 575
"../../../Engine/Content/EngineMaterials/RemoveSurfaceMaterial.uasset" 576
"../../../Engine/Content/EngineMaterials/RemoveSurfaceMaterial.uexp" 577
"../../../Engine/Content/EngineMaterials/WeightMapPlaceholderTexture.uasset" 578
"../../../Engine/Content/EngineMaterials/WeightMapPlaceholderTexture.uexp" 579
"../../../Engine/Content/Functions/Engine_MaterialFunctions01/ImageAdjustment/sRGBToLinear.uasset" 580
"../../../Engine/Content/Functions/Engine_MaterialFunctions01/ImageAdjustment/sRGBToLinear.uexp" 581
"../../../Engine/Content/Functions/Engine_MaterialFunctions02/Utility/BreakOutFloat3Components.uasset" 582
"../../../Engine/Content/Functions/Engine_MaterialFunctions02/Utility/BreakOutFloat3Components.uexp" 583
"../../../Engine/Content/EngineMaterials/Widget3DCameraPassThrough_Opaque_OneSided.uasset" 584
"../../../Engine/Content/EngineMaterials/Widget3DCameraPassThrough_Opaque_OneSided.uexp" 585
"../../../Engine/Content/EngineMaterials/Widget3DPassThrough.uasset" 586
"../../../Engine/Content/EngineMaterials/Widget3DPassThrough.uexp" 587
"../../../Engine/Content/EngineMaterials/Widget3DPassThrough_Masked.uasset" 588
"../../../Engine/Content/EngineMaterials/Widget3DPassThrough_Masked.uexp" 589
"../../../Engine/Content/EngineMaterials/Widget3DPassThrough_Opaque.uasset" 590
"../../../Engine/Content/EngineMaterials/Widget3DPassThrough_Opaque.uexp" 591
"../../../Engine/Content/EngineMaterials/Widget3DPassThrough_Masked_OneSided.uasset" 592
"../../../Engine/Content/EngineMaterials/Widget3DPassThrough_Masked_OneSided.uexp" 593
"../../../Engine/Content/EngineMaterials/Widget3DPassThrough_Opaque_OneSided.uasset" 594
"../../../Engine/Content/EngineMaterials/Widget3DPassThrough_Opaque_OneSided.uexp" 595
"../../../Engine/Content/EngineMaterials/Widget3DPassThrough_Translucent.uasset" 596
"../../../Engine/Content/EngineMaterials/Widget3DPassThrough_Translucent.uexp" 597
"../../../Engine/Content/EngineMaterials/Widget3DPassThrough_Translucent_OneSided.uasset" 598
"../../../Engine/Content/EngineMaterials/Widget3DPassThrough_Translucent_OneSided.uexp" 599
"../../../Engine/Content/EngineMeshes/Cylinder.uasset" 600
"../../../Engine/Content/EngineMeshes/Cylinder.uexp" 601
"../../../Engine/Content/EngineMeshes/Sphere.uasset" 602
"../../../Engine/Content/EngineMeshes/Sphere.uexp" 603
"../../../Engine/Content/EngineResources/DefaultTexture.uasset" 604
"../../../Engine/Content/EngineResources/DefaultTexture.uexp" 605
"../../../Engine/Content/EngineResources/DefaultTexture.ubulk" 606
"../../../Engine/Content/EngineResources/DefaultTextureCube.uasset" 607
"../../../Engine/Content/EngineResources/DefaultTextureCube.uexp" 608
"../../../Engine/Content/EngineResources/DefaultVolumeTexture2D.uasset" 609
"../../../Engine/Content/EngineResources/DefaultVolumeTexture2D.uexp" 610
"../../../Engine/Content/EngineResources/DefaultVolumeTexture.uasset" 611
"../../../Engine/Content/EngineResources/DefaultVolumeTexture.uexp" 612
"../../../Engine/Content/EngineResources/GradientTexture0.uasset" 613
"../../../Engine/Content/EngineResources/GradientTexture0.uexp" 614
"../../../Engine/Content/EngineResources/StreamingPauseIcon.uasset" 615
"../../../Engine/Content/EngineResources/StreamingPauseIcon.uexp" 616
"../../../Engine/Content/EngineResources/M_StreamingPause.uasset" 617
"../../../Engine/Content/EngineResources/M_StreamingPause.uexp" 618
"../../../Engine/Content/EngineSky/VolumetricClouds/T_NoiseShape64.uasset" 619
"../../../Engine/Content/EngineSky/VolumetricClouds/T_NoiseShape64.uexp" 620
"../../../Engine/Content/EngineSky/VolumetricClouds/T_NoiseShape64.ubulk" 621
"../../../Engine/Content/EngineSky/VolumetricClouds/T_VolumeNoiseShape64.uasset" 622
"../../../Engine/Content/EngineSky/VolumetricClouds/T_VolumeNoiseShape64.uexp" 623
"../../../Engine/Content/EngineSky/VolumetricClouds/T_NoiseErosion.uasset" 624
"../../../Engine/Content/EngineSky/VolumetricClouds/T_NoiseErosion.uexp" 625
"../../../Engine/Content/EngineSky/VolumetricClouds/T_NoiseErosion.ubulk" 626
"../../../Engine/Content/EngineSky/VolumetricClouds/T_VolumeNoiseErosion32.uasset" 627
"../../../Engine/Content/EngineSky/VolumetricClouds/T_VolumeNoiseErosion32.uexp" 628
"../../../Engine/Content/EngineSky/VolumetricClouds/CloudWeatherTexture.uasset" 629
"../../../Engine/Content/EngineSky/VolumetricClouds/CloudWeatherTexture.uexp" 630
"../../../Engine/Content/EngineSky/VolumetricClouds/CloudGradientTexture.uasset" 631
"../../../Engine/Content/EngineSky/VolumetricClouds/CloudGradientTexture.uexp" 632
"../../../Engine/Content/EngineSky/VolumetricClouds/m_SimpleVolumetricCloud.uasset" 633
"../../../Engine/Content/EngineSky/VolumetricClouds/m_SimpleVolumetricCloud.uexp" 634
"../../../Engine/Content/EngineSky/VolumetricClouds/m_SimpleVolumetricCloud_Inst.uasset" 635
"../../../Engine/Content/EngineSky/VolumetricClouds/m_SimpleVolumetricCloud_Inst.uexp" 636
"../../../Engine/Content/EngineSounds/Master.uasset" 637
"../../../Engine/Content/EngineSounds/Master.uexp" 638
"../../../Engine/Content/Functions/Engine_MaterialFunctions01/Shading/PowerToRoughness.uasset" 639
"../../../Engine/Content/Functions/Engine_MaterialFunctions01/Shading/PowerToRoughness.uexp" 640
"../../../Engine/Content/Maps/Templates/Thumbnails/Default.uasset" 641
"../../../Engine/Content/Maps/Templates/Thumbnails/Default.uexp" 642
"../../../Engine/Content/Maps/Templates/Thumbnails/TimeOfDay.uasset" 643
"../../../Engine/Content/Maps/Templates/Thumbnails/TimeOfDay.uexp" 644
"../../../Engine/Content/Maps/Templates/Thumbnails/VR-Basic.uasset" 645
"../../../Engine/Content/Maps/Templates/Thumbnails/VR-Basic.uexp" 646
"../../../Engine/Content/MapTemplates/Sky/DaylightAmbientCubemap.uasset" 647
"../../../Engine/Content/MapTemplates/Sky/DaylightAmbientCubemap.uexp" 648
"../../../Engine/Content/MobileResources/T_MobileControls_texture.uasset" 649
"../../../Engine/Content/MobileResources/T_MobileControls_texture.uexp" 650
"../../../Engine/Content/MobileResources/T_MobileMenu2.uasset" 651
"../../../Engine/Content/MobileResources/T_MobileMenu2.uexp" 652
"../../../Engine/Content/MobileResources/HUD/AnalogHat.uasset" 653
"../../../Engine/Content/MobileResources/HUD/AnalogHat.uexp" 654
"../../../Engine/Content/MobileResources/HUD/VirtualJoystick_Thumb.uasset" 655
"../../../Engine/Content/MobileResources/HUD/VirtualJoystick_Thumb.uexp" 656
"../../../Engine/Content/MobileResources/HUD/VirtualJoystick_Background.uasset" 657
"../../../Engine/Content/MobileResources/HUD/VirtualJoystick_Background.uexp" 658
"../../../Engine/Content/MobileResources/HUD/DefaultVirtualJoysticks.uasset" 659
"../../../Engine/Content/MobileResources/HUD/DefaultVirtualJoysticks.uexp" 660
"../../../Engine/Content/MobileResources/HUD/LeftVirtualJoystickOnly.uasset" 661
"../../../Engine/Content/MobileResources/HUD/LeftVirtualJoystickOnly.uexp" 662
"../../../Engine/Content/MobileResources/HUD/MobileHUDButton1_off.uasset" 663
"../../../Engine/Content/MobileResources/HUD/MobileHUDButton1_off.uexp" 664
"../../../Engine/Content/MobileResources/HUD/MobileHUDButton1_on.uasset" 665
"../../../Engine/Content/MobileResources/HUD/MobileHUDButton1_on.uexp" 666
"../../../Engine/Content/MobileResources/HUD/MobileHUDButton2_off.uasset" 667
"../../../Engine/Content/MobileResources/HUD/MobileHUDButton2_off.uexp" 668
"../../../Engine/Content/MobileResources/HUD/MobileHUDButton2_on.uasset" 669
"../../../Engine/Content/MobileResources/HUD/MobileHUDButton2_on.uexp" 670
"../../../Engine/Content/MobileResources/HUD/MobileHUDButton3.uasset" 671
"../../../Engine/Content/MobileResources/HUD/MobileHUDButton3.uexp" 672
"../../../Engine/Content/MobileResources/HUD/MobileHUDButtonFire.uasset" 673
"../../../Engine/Content/MobileResources/HUD/MobileHUDButtonFire.uexp" 674
"../../../Engine/Content/MobileResources/HUD/MobileHUDDirectionPad.uasset" 675
"../../../Engine/Content/MobileResources/HUD/MobileHUDDirectionPad.uexp" 676
"../../../Engine/Content/MobileResources/HUD/MobileHUDDirectionPad2.uasset" 677
"../../../Engine/Content/MobileResources/HUD/MobileHUDDirectionPad2.uexp" 678
"../../../Engine/Content/MobileResources/HUD/MobileHUDDirectionPad3.uasset" 679
"../../../Engine/Content/MobileResources/HUD/MobileHUDDirectionPad3.uexp" 680
"../../../Engine/Content/MobileResources/HUD/MobileHUDDirectionStick.uasset" 681
"../../../Engine/Content/MobileResources/HUD/MobileHUDDirectionStick.uexp" 682
"../../../Engine/Content/MobileResources/HUD/T_Castle_ThumbstickInner.uasset" 683
"../../../Engine/Content/MobileResources/HUD/T_Castle_ThumbstickInner.uexp" 684
"../../../Engine/Content/MobileResources/HUD/T_Castle_ThumbstickOutter.uasset" 685
"../../../Engine/Content/MobileResources/HUD/T_Castle_ThumbstickOutter.uexp" 686
"../../../Engine/Content/Tutorial/ContentIntroCurve.uasset" 687
"../../../Engine/Content/Tutorial/ContentIntroCurve.uexp" 688
"../../../Engine/Content/Tutorial/Basics/TutorialAssets/icon_tab_Levels_40x.uasset" 689
"../../../Engine/Content/Tutorial/Basics/TutorialAssets/icon_tab_Levels_40x.uexp" 690
"../../../Engine/Content/Tutorial/BlueprintTutorials/TutorialAssets/Blueprint_64x.uasset" 691
"../../../Engine/Content/Tutorial/BlueprintTutorials/TutorialAssets/Blueprint_64x.uexp" 692
"../../../Engine/Content/Tutorial/Landscape/TutorialAssets/Landscape.uasset" 693
"../../../Engine/Content/Tutorial/Landscape/TutorialAssets/Landscape.uexp" 694
"../../../Engine/Content/EditorBlueprintResources/StandardMacros.uasset" 695
"../../../Engine/Content/EditorBlueprintResources/StandardMacros.uexp" 696
"../../../Engine/Content/VREditor/TransformGizmo/TranslucentTransformGizmoMaterial.uasset" 697
"../../../Engine/Content/VREditor/TransformGizmo/TranslucentTransformGizmoMaterial.uexp" 698
"../../../Engine/Content/VREditor/LaserPointer/VR_LaserPower_01.uasset" 699
"../../../Engine/Content/VREditor/LaserPointer/VR_LaserPower_01.uexp" 700
"../../../Engine/Content/VREditor/LaserPointer/VR_LaserPower_01.ubulk" 701
"../../../Engine/Content/VREditor/TransformGizmo/TransformGizmoMaterial.uasset" 702
"../../../Engine/Content/VREditor/TransformGizmo/TransformGizmoMaterial.uexp" 703
"../../../Engine/Content/VREditor/TransformGizmo/BoundingBoxCorner.uasset" 704
"../../../Engine/Content/VREditor/TransformGizmo/BoundingBoxCorner.uexp" 705
"../../../Engine/Content/VREditor/TransformGizmo/BoundingBoxEdge.uasset" 706
"../../../Engine/Content/VREditor/TransformGizmo/BoundingBoxEdge.uexp" 707
"../../../Engine/Content/VREditor/TransformGizmo/PlaneTranslationHandle.uasset" 708
"../../../Engine/Content/VREditor/TransformGizmo/PlaneTranslationHandle.uexp" 709
"../../../Engine/Content/VREditor/TransformGizmo/Xray.uasset" 710
"../../../Engine/Content/VREditor/TransformGizmo/Xray.uexp" 711
"../../../Engine/Content/VREditor/TransformGizmo/Main.uasset" 712
"../../../Engine/Content/VREditor/TransformGizmo/Main.uexp" 713
"../../../Engine/Content/VREditor/TransformGizmo/SM_Sequencer_Key.uasset" 714
"../../../Engine/Content/VREditor/TransformGizmo/SM_Sequencer_Key.uexp" 715
"../../../Engine/Content/VREditor/TransformGizmo/SM_Sequencer_Node.uasset" 716
"../../../Engine/Content/VREditor/TransformGizmo/SM_Sequencer_Node.uexp" 717
"D:/unrealbook/BountyDash/Content/BountyDashFont.uasset" 718
"D:/unrealbook/BountyDash/Content/BountyDashFont.uexp" 719
"D:/unrealbook/BountyDash/Content/Barrel_Hopper/Character/Mesh/UE4_Mannequin_Skeleton.uasset" 720
"D:/unrealbook/BountyDash/Content/Barrel_Hopper/Character/Mesh/UE4_Mannequin_Skeleton.uexp" 721
"D:/unrealbook/BountyDash/Content/Barrel_Hopper/Sounds/Footstep.uasset" 722
"D:/unrealbook/BountyDash/Content/Barrel_Hopper/Sounds/Footstep.uexp" 723
"D:/unrealbook/BountyDash/Content/Barrel_Hopper/Sounds/BH_Footstep.uasset" 724
"D:/unrealbook/BountyDash/Content/Barrel_Hopper/Sounds/BH_Footstep.uexp" 725
"D:/unrealbook/BountyDash/Content/Barrel_Hopper/Character/Animations/ThirdPersonWalk.uasset" 726
"D:/unrealbook/BountyDash/Content/Barrel_Hopper/Character/Animations/ThirdPersonWalk.uexp" 727
"D:/unrealbook/BountyDash/Content/Barrel_Hopper/Character/Animations/ThirdPersonRun.uasset" 728
"D:/unrealbook/BountyDash/Content/Barrel_Hopper/Character/Animations/ThirdPersonRun.uexp" 729
"D:/unrealbook/BountyDash/Content/Barrel_Hopper/Character/Animations/ThirdPersonIdle.uasset" 730
"D:/unrealbook/BountyDash/Content/Barrel_Hopper/Character/Animations/ThirdPersonIdle.uexp" 731
"D:/unrealbook/BountyDash/Content/Barrel_Hopper/Character/BH_Idle_Run_BS1D.uasset" 732
"D:/unrealbook/BountyDash/Content/Barrel_Hopper/Character/BH_Idle_Run_BS1D.uexp" 733
"D:/unrealbook/BountyDash/Content/Mannequin/Animations/ThirdPersonJump_Loop.uasset" 734
"D:/unrealbook/BountyDash/Content/Mannequin/Animations/ThirdPersonJump_Loop.uexp" 735
"D:/unrealbook/BountyDash/Content/Mannequin/Animations/ThirdPersonJump_End.uasset" 736
"D:/unrealbook/BountyDash/Content/Mannequin/Animations/ThirdPersonJump_End.uexp" 737
"D:/unrealbook/BountyDash/Content/Barrel_Hopper/Character/Animations/ThirdPersonJump_Start.uasset" 738
"D:/unrealbook/BountyDash/Content/Barrel_Hopper/Character/Animations/ThirdPersonJump_Start.uexp" 739
"D:/unrealbook/BountyDash/Content/Barrel_Hopper/Character/BH_Character_AnimeBP.uasset" 740
"D:/unrealbook/BountyDash/Content/Barrel_Hopper/Character/BH_Character_AnimeBP.uexp" 741
"D:/unrealbook/BountyDash/Content/Barrel_Hopper/Character/Mesh/SK_Mannequin_PhysicsAsset.uasset" 742
"D:/unrealbook/BountyDash/Content/Barrel_Hopper/Character/Mesh/SK_Mannequin_PhysicsAsset.uexp" 743
"D:/unrealbook/BountyDash/Content/Barrel_Hopper/Character/Materials/MaterialLayers/T_ML_Aluminum01_N.uasset" 744
"D:/unrealbook/BountyDash/Content/Barrel_Hopper/Character/Materials/MaterialLayers/T_ML_Aluminum01_N.uexp" 745
"D:/unrealbook/BountyDash/Content/Barrel_Hopper/Character/Materials/MaterialLayers/T_ML_Aluminum01_N.ubulk" 746
"D:/unrealbook/BountyDash/Content/Barrel_Hopper/Character/Materials/MaterialLayers/T_ML_Aluminum01.uasset" 747
"D:/unrealbook/BountyDash/Content/Barrel_Hopper/Character/Materials/MaterialLayers/T_ML_Aluminum01.uexp" 748
"D:/unrealbook/BountyDash/Content/Barrel_Hopper/Character/Materials/MaterialLayers/T_ML_Aluminum01.ubulk" 749
"D:/unrealbook/BountyDash/Content/Barrel_Hopper/Character/Materials/MaterialLayers/ML_SoftMetal_UE4.uasset" 750
"D:/unrealbook/BountyDash/Content/Barrel_Hopper/Character/Materials/MaterialLayers/ML_SoftMetal_UE4.uexp" 751
"D:/unrealbook/BountyDash/Content/Barrel_Hopper/Character/Materials/MaterialLayers/ML_Plastic_Shiny_Beige_LOGO.uasset" 752
"D:/unrealbook/BountyDash/Content/Barrel_Hopper/Character/Materials/MaterialLayers/ML_Plastic_Shiny_Beige_LOGO.uexp" 753
"D:/unrealbook/BountyDash/Content/Barrel_Hopper/Character/Materials/MaterialLayers/ML_Plastic_Shiny_Beige.uasset" 754
"D:/unrealbook/BountyDash/Content/Barrel_Hopper/Character/Materials/MaterialLayers/ML_Plastic_Shiny_Beige.uexp" 755
"D:/unrealbook/BountyDash/Content/Barrel_Hopper/Character/Materials/MaterialLayers/T_ML_Rubber_Blue_01_N.uasset" 756
"D:/unrealbook/BountyDash/Content/Barrel_Hopper/Character/Materials/MaterialLayers/T_ML_Rubber_Blue_01_N.uexp" 757
"D:/unrealbook/BountyDash/Content/Barrel_Hopper/Character/Materials/MaterialLayers/T_ML_Rubber_Blue_01_N.ubulk" 758
"D:/unrealbook/BountyDash/Content/Barrel_Hopper/Character/Materials/MaterialLayers/T_ML_Rubber_Blue_01_D.uasset" 759
"D:/unrealbook/BountyDash/Content/Barrel_Hopper/Character/Materials/MaterialLayers/T_ML_Rubber_Blue_01_D.uexp" 760
"D:/unrealbook/BountyDash/Content/Barrel_Hopper/Character/Materials/MaterialLayers/T_ML_Rubber_Blue_01_D.ubulk" 761
"D:/unrealbook/BountyDash/Content/Barrel_Hopper/Character/Materials/MaterialLayers/ML_GlossyBlack_Latex_UE4.uasset" 762
"D:/unrealbook/BountyDash/Content/Barrel_Hopper/Character/Materials/MaterialLayers/ML_GlossyBlack_Latex_UE4.uexp" 763
"../../../Engine/Content/Functions/MaterialLayerFunctions/MatLayerBlend_Simple.uasset" 764
"../../../Engine/Content/Functions/MaterialLayerFunctions/MatLayerBlend_Simple.uexp" 765
"../../../Engine/Content/Functions/Engine_MaterialFunctions02/Utility/BlendAngleCorrectedNormals.uasset" 766
"../../../Engine/Content/Functions/Engine_MaterialFunctions02/Utility/BlendAngleCorrectedNormals.uexp" 767
"../../../Engine/Content/Functions/MaterialLayerFunctions/MatLayerBlend_NormalBlend.uasset" 768
"../../../Engine/Content/Functions/MaterialLayerFunctions/MatLayerBlend_NormalBlend.uexp" 769
"D:/unrealbook/BountyDash/Content/Barrel_Hopper/Character/Materials/M_UE4Man_Body.uasset" 770
"D:/unrealbook/BountyDash/Content/Barrel_Hopper/Character/Materials/M_UE4Man_Body.uexp" 771
"D:/unrealbook/BountyDash/Content/Barrel_Hopper/Character/Materials/M_UE4Man_ChestLogo.uasset" 772
"D:/unrealbook/BountyDash/Content/Barrel_Hopper/Character/Materials/M_UE4Man_ChestLogo.uexp" 773
"D:/unrealbook/BountyDash/Content/Barrel_Hopper/Character/Mesh/SK_Mannequin.uasset" 774
"D:/unrealbook/BountyDash/Content/Barrel_Hopper/Character/Mesh/SK_Mannequin.uexp" 775
"D:/unrealbook/BountyDash/Content/Geometry/Meshes/Destroyable_Mesh.uasset" 776
"D:/unrealbook/BountyDash/Content/Geometry/Meshes/Destroyable_Mesh.uexp" 777
"D:/unrealbook/BountyDash/Content/Geometry/Meshes/Destroyable_Mesh_DM.uasset" 778
"D:/unrealbook/BountyDash/Content/Geometry/Meshes/Destroyable_Mesh_DM.uexp" 779
"D:/unrealbook/BountyDash/Content/StarterContent/Audio/Starter_Birds01.uasset" 780
"D:/unrealbook/BountyDash/Content/StarterContent/Audio/Starter_Birds01.uexp" 781
"D:/unrealbook/BountyDash/Content/StarterContent/Audio/Starter_Wind05.uasset" 782
"D:/unrealbook/BountyDash/Content/StarterContent/Audio/Starter_Wind05.uexp" 783
"D:/unrealbook/BountyDash/Content/StarterContent/Audio/Starter_Wind06.uasset" 784
"D:/unrealbook/BountyDash/Content/StarterContent/Audio/Starter_Wind06.uexp" 785
"D:/unrealbook/BountyDash/Content/StarterContent/Textures/T_Concrete_Tiles_Variation_M.uasset" 786
"D:/unrealbook/BountyDash/Content/StarterContent/Textures/T_Concrete_Tiles_Variation_M.uexp" 787
"D:/unrealbook/BountyDash/Content/StarterContent/Textures/T_Concrete_Tiles_Variation_M.ubulk" 788
"D:/unrealbook/BountyDash/Content/StarterContent/Textures/T_Concrete_Tiles_N.uasset" 789
"D:/unrealbook/BountyDash/Content/StarterContent/Textures/T_Concrete_Tiles_N.uexp" 790
"D:/unrealbook/BountyDash/Content/StarterContent/Textures/T_Concrete_Tiles_N.ubulk" 791
"D:/unrealbook/BountyDash/Content/StarterContent/Textures/T_Concrete_Tiles_M.uasset" 792
"D:/unrealbook/BountyDash/Content/StarterContent/Textures/T_Concrete_Tiles_M.uexp" 793
"D:/unrealbook/BountyDash/Content/StarterContent/Textures/T_Concrete_Tiles_M.ubulk" 794
"D:/unrealbook/BountyDash/Content/StarterContent/Textures/T_Concrete_Tiles_D.uasset" 795
"D:/unrealbook/BountyDash/Content/StarterContent/Textures/T_Concrete_Tiles_D.uexp" 796
"D:/unrealbook/BountyDash/Content/StarterContent/Textures/T_Concrete_Tiles_D.ubulk" 797
"D:/unrealbook/BountyDash/Content/StarterContent/Textures/T_MacroVariation.uasset" 798
"D:/unrealbook/BountyDash/Content/StarterContent/Textures/T_MacroVariation.uexp" 799
"D:/unrealbook/BountyDash/Content/StarterContent/Materials/M_Concrete_Tiles.uasset" 800
"D:/unrealbook/BountyDash/Content/StarterContent/Materials/M_Concrete_Tiles.uexp" 801
"D:/unrealbook/BountyDash/Content/StarterContent/Materials/M_Basic_Wall.uasset" 802
"D:/unrealbook/BountyDash/Content/StarterContent/Materials/M_Basic_Wall.uexp" 803
"D:/unrealbook/BountyDash/Content/StarterContent/Shapes/Shape_WideCapsule.uasset" 804
"D:/unrealbook/BountyDash/Content/StarterContent/Shapes/Shape_WideCapsule.uexp" 805
"../../../Engine/Plugins/2D/Paper2D/Content/PlaceholderTextures/DummySpriteTexture.uasset" 806
"../../../Engine/Plugins/2D/Paper2D/Content/PlaceholderTextures/DummySpriteTexture.uexp" 807
"../../../Engine/Plugins/2D/Paper2D/Content/PlaceholderTextures/DummySpriteTexture.ubulk" 808
"../../../Engine/Plugins/2D/Paper2D/Content/DummySprite.uasset" 809
"../../../Engine/Plugins/2D/Paper2D/Content/DummySprite.uexp" 810
"../../../Engine/Plugins/2D/Paper2D/Content/DefaultPaperTerrainMaterial.uasset" 811
"../../../Engine/Plugins/2D/Paper2D/Content/DefaultPaperTerrainMaterial.uexp" 812
"../../../Engine/Plugins/2D/Paper2D/Content/DefaultSpriteMaterial.uasset" 813
"../../../Engine/Plugins/2D/Paper2D/Content/DefaultSpriteMaterial.uexp" 814
"../../../Engine/Plugins/2D/Paper2D/Content/MaskedUnlitSpriteMaterial.uasset" 815
"../../../Engine/Plugins/2D/Paper2D/Content/MaskedUnlitSpriteMaterial.uexp" 816
"../../../Engine/Plugins/2D/Paper2D/Content/OpaqueUnlitSpriteMaterial.uasset" 817
"../../../Engine/Plugins/2D/Paper2D/Content/OpaqueUnlitSpriteMaterial.uexp" 818
"../../../Engine/Plugins/FX/Niagara/Content/Enums/ENiagaraRandomnessMode.uasset" 819
"../../../Engine/Plugins/FX/Niagara/Content/Enums/ENiagaraRandomnessMode.uexp" 820
"../../../Engine/Plugins/FX/Niagara/Content/Icons/S_ParticleSystem.uasset" 821
"../../../Engine/Plugins/FX/Niagara/Content/Icons/S_ParticleSystem.uexp" 822
"../../../Engine/Plugins/FX/Niagara/Content/Icons/S_ParticleSystem.ubulk" 823
"../../../Engine/Content/BasicShapes/Cylinder.uasset" 824
"../../../Engine/Content/BasicShapes/Cylinder.uexp" 825
"../../../Engine/Content/ArtTools/RenderToTexture/Materials/Debug/M_Emissive_Color.uasset" 826
"../../../Engine/Content/ArtTools/RenderToTexture/Materials/Debug/M_Emissive_Color.uexp" 827
"../../../Engine/Plugins/Lumin/MagicLeapPassableWorld/Content/MagicLeapARPinInfoActor.uasset" 828
"../../../Engine/Plugins/Lumin/MagicLeapPassableWorld/Content/MagicLeapARPinInfoActor.uexp" 829
"../../../Engine/Plugins/Editor/SpeedTreeImporter/Content/SpeedTree9/UnpackInteger3.uasset" 830
"../../../Engine/Plugins/Editor/SpeedTreeImporter/Content/SpeedTree9/UnpackInteger3.uexp" 831
"../../../Engine/Plugins/Editor/SpeedTreeImporter/Content/SpeedTree9/UnpackDirection.uasset" 832
"../../../Engine/Plugins/Editor/SpeedTreeImporter/Content/SpeedTree9/UnpackDirection.uexp" 833
"../../../Engine/Plugins/Editor/SpeedTreeImporter/Content/SpeedTree9/game_wind_noise.uasset" 834
"../../../Engine/Plugins/Editor/SpeedTreeImporter/Content/SpeedTree9/game_wind_noise.uexp" 835
"../../../Engine/Plugins/Editor/SpeedTreeImporter/Content/SpeedTree9/game_wind_noise.ubulk" 836
"../../../Engine/Content/Functions/Engine_MaterialFunctions02/SafeNormalize.uasset" 837
"../../../Engine/Content/Functions/Engine_MaterialFunctions02/SafeNormalize.uexp" 838
"../../../Engine/Plugins/Editor/SpeedTreeImporter/Content/SpeedTree9/SpeedTreeWindMotion.uasset" 839
"../../../Engine/Plugins/Editor/SpeedTreeImporter/Content/SpeedTree9/SpeedTreeWindMotion.uexp" 840
"../../../Engine/Plugins/Editor/SpeedTreeImporter/Content/SpeedTree9/SpeedTreeBranchMotion.uasset" 841
"../../../Engine/Plugins/Editor/SpeedTreeImporter/Content/SpeedTree9/SpeedTreeBranchMotion.uexp" 842
"../../../Engine/Content/Functions/Engine_MaterialFunctions02/ObjectLocalBounds.uasset" 843
"../../../Engine/Content/Functions/Engine_MaterialFunctions02/ObjectLocalBounds.uexp" 844
"../../../Engine/Content/Functions/Engine_MaterialFunctions02/UVs/BoundingBoxBased_0-1_UVW.uasset" 845
"../../../Engine/Content/Functions/Engine_MaterialFunctions02/UVs/BoundingBoxBased_0-1_UVW.uexp" 846
"../../../Engine/Content/Functions/Engine_MaterialFunctions02/WorldPositionOffset/ObjectScale.uasset" 847
"../../../Engine/Content/Functions/Engine_MaterialFunctions02/WorldPositionOffset/ObjectScale.uexp" 848
"../../../Engine/Plugins/Editor/SpeedTreeImporter/Content/SpeedTree9/SpeedTreeWind.uasset" 849
"../../../Engine/Plugins/Editor/SpeedTreeImporter/Content/SpeedTree9/SpeedTreeWind.uexp" 850
"../../../Engine/Plugins/Editor/SpeedTreeImporter/Content/SpeedTree9/SpeedTreeBillboard.uasset" 851
"../../../Engine/Plugins/Editor/SpeedTreeImporter/Content/SpeedTree9/SpeedTreeBillboard.uexp" 852
"../../../Engine/Plugins/Editor/SpeedTreeImporter/Content/SpeedTree9/EmptyNormal.uasset" 853
"../../../Engine/Plugins/Editor/SpeedTreeImporter/Content/SpeedTree9/EmptyNormal.uexp" 854
"../../../Engine/Plugins/Editor/SpeedTreeImporter/Content/SpeedTree9/Empty.uasset" 855
"../../../Engine/Plugins/Editor/SpeedTreeImporter/Content/SpeedTree9/Empty.uexp" 856
"../../../Engine/Plugins/Editor/SpeedTreeImporter/Content/SpeedTree9/SpeedTreeBillboardMaster.uasset" 857
"../../../Engine/Plugins/Editor/SpeedTreeImporter/Content/SpeedTree9/SpeedTreeBillboardMaster.uexp" 858
"../../../Engine/Plugins/Editor/SpeedTreeImporter/Content/SpeedTree9/SpeedTreeCameraFacing.uasset" 859
"../../../Engine/Plugins/Editor/SpeedTreeImporter/Content/SpeedTree9/SpeedTreeCameraFacing.uexp" 860
"../../../Engine/Plugins/Editor/SpeedTreeImporter/Content/SpeedTree9/SpeedTreeMaster.uasset" 861
"../../../Engine/Plugins/Editor/SpeedTreeImporter/Content/SpeedTree9/SpeedTreeMaster.uexp" 862
"../../../Engine/Plugins/Runtime/OpenXR/Content/Devices/GoogleDaydream/MRTexture.uasset" 863
"../../../Engine/Plugins/Runtime/OpenXR/Content/Devices/GoogleDaydream/MRTexture.uexp" 864
"../../../Engine/Plugins/Runtime/OpenXR/Content/Devices/GoogleDaydream/MRTexture.ubulk" 865
"../../../Engine/Plugins/Runtime/OpenXR/Content/Devices/GoogleDaydream/BaseTexture.uasset" 866
"../../../Engine/Plugins/Runtime/OpenXR/Content/Devices/GoogleDaydream/BaseTexture.uexp" 867
"../../../Engine/Plugins/Runtime/OpenXR/Content/Devices/GoogleDaydream/BaseTexture.ubulk" 868
"../../../Engine/Content/EngineResources/Black.uasset" 869
"../../../Engine/Content/EngineResources/Black.uexp" 870
"../../../Engine/Plugins/Runtime/OpenXR/Content/Devices/M_XRController.uasset" 871
"../../../Engine/Plugins/Runtime/OpenXR/Content/Devices/M_XRController.uexp" 872
"../../../Engine/Plugins/Runtime/OpenXR/Content/Devices/GoogleDaydream/MI_GoogleDaydream.uasset" 873
"../../../Engine/Plugins/Runtime/OpenXR/Content/Devices/GoogleDaydream/MI_GoogleDaydream.uexp" 874
"../../../Engine/Plugins/Runtime/OpenXR/Content/Devices/GoogleDaydream/GoogleDaydreamController.uasset" 875
"../../../Engine/Plugins/Runtime/OpenXR/Content/Devices/GoogleDaydream/GoogleDaydreamController.uexp" 876
"../../../Engine/Plugins/Runtime/OpenXR/Content/Devices/HTCVive/BaseTexture.uasset" 877
"../../../Engine/Plugins/Runtime/OpenXR/Content/Devices/HTCVive/BaseTexture.uexp" 878
"../../../Engine/Plugins/Runtime/OpenXR/Content/Devices/HTCVive/BaseTexture.ubulk" 879
"../../../Engine/Plugins/Runtime/OpenXR/Content/Devices/HTCVive/MI_HTCVive.uasset" 880
"../../../Engine/Plugins/Runtime/OpenXR/Content/Devices/HTCVive/MI_HTCVive.uexp" 881
"../../../Engine/Plugins/Runtime/OpenXR/Content/Devices/HTCVive/HTCViveController.uasset" 882
"../../../Engine/Plugins/Runtime/OpenXR/Content/Devices/HTCVive/HTCViveController.uexp" 883
"../../../Engine/Plugins/Runtime/OpenXR/Content/Devices/MicrosoftMixedReality/EmissiveTexture.uasset" 884
"../../../Engine/Plugins/Runtime/OpenXR/Content/Devices/MicrosoftMixedReality/EmissiveTexture.uexp" 885
"../../../Engine/Plugins/Runtime/OpenXR/Content/Devices/MicrosoftMixedReality/EmissiveTexture.ubulk" 886
"../../../Engine/Plugins/Runtime/OpenXR/Content/Devices/MicrosoftMixedReality/BaseTexture.uasset" 887
"../../../Engine/Plugins/Runtime/OpenXR/Content/Devices/MicrosoftMixedReality/BaseTexture.uexp" 888
"../../../Engine/Plugins/Runtime/OpenXR/Content/Devices/MicrosoftMixedReality/BaseTexture.ubulk" 889
"../../../Engine/Plugins/Runtime/OpenXR/Content/Devices/MicrosoftMixedReality/NormalTexture.uasset" 890
"../../../Engine/Plugins/Runtime/OpenXR/Content/Devices/MicrosoftMixedReality/NormalTexture.uexp" 891
"../../../Engine/Plugins/Runtime/OpenXR/Content/Devices/MicrosoftMixedReality/NormalTexture.ubulk" 892
"../../../Engine/Plugins/Runtime/OpenXR/Content/Devices/MicrosoftMixedReality/MRTexture.uasset" 893
"../../../Engine/Plugins/Runtime/OpenXR/Content/Devices/MicrosoftMixedReality/MRTexture.uexp" 894
"../../../Engine/Plugins/Runtime/OpenXR/Content/Devices/MicrosoftMixedReality/MRTexture.ubulk" 895
"../../../Engine/Plugins/Runtime/OpenXR/Content/Devices/MicrosoftMixedReality/MI_MicrosoftMixedReality.uasset" 896
"../../../Engine/Plugins/Runtime/OpenXR/Content/Devices/MicrosoftMixedReality/MI_MicrosoftMixedReality.uexp" 897
"../../../Engine/Plugins/Runtime/OpenXR/Content/Devices/MicrosoftMixedReality/Left/left_MicrosoftMixedRealityController.uasset" 898
"../../../Engine/Plugins/Runtime/OpenXR/Content/Devices/MicrosoftMixedReality/Left/left_MicrosoftMixedRealityController.uexp" 899
"../../../Engine/Plugins/Runtime/OpenXR/Content/Devices/MicrosoftMixedReality/Right/right_MicrosoftMixedRealityController.uasset" 900
"../../../Engine/Plugins/Runtime/OpenXR/Content/Devices/MicrosoftMixedReality/Right/right_MicrosoftMixedRealityController.uexp" 901
"../../../Engine/Plugins/Runtime/OpenXR/Content/Devices/OculusGo/BaseTexture.uasset" 902
"../../../Engine/Plugins/Runtime/OpenXR/Content/Devices/OculusGo/BaseTexture.uexp" 903
"../../../Engine/Plugins/Runtime/OpenXR/Content/Devices/OculusGo/BaseTexture.ubulk" 904
"../../../Engine/Plugins/Runtime/OpenXR/Content/Devices/OculusGo/MI_OculusGo.uasset" 905
"../../../Engine/Plugins/Runtime/OpenXR/Content/Devices/OculusGo/MI_OculusGo.uexp" 906
"../../../Engine/Plugins/Runtime/OpenXR/Content/Devices/OculusGo/OculusGoController.uasset" 907
"../../../Engine/Plugins/Runtime/OpenXR/Content/Devices/OculusGo/OculusGoController.uexp" 908
"../../../Engine/Plugins/Runtime/OpenXR/Content/Devices/OculusTouch/MRTexture.uasset" 909
"../../../Engine/Plugins/Runtime/OpenXR/Content/Devices/OculusTouch/MRTexture.uexp" 910
"../../../Engine/Plugins/Runtime/OpenXR/Content/Devices/OculusTouch/MRTexture.ubulk" 911
"../../../Engine/Plugins/Runtime/OpenXR/Content/Devices/OculusTouch/BaseTexture.uasset" 912
"../../../Engine/Plugins/Runtime/OpenXR/Content/Devices/OculusTouch/BaseTexture.uexp" 913
"../../../Engine/Plugins/Runtime/OpenXR/Content/Devices/OculusTouch/BaseTexture.ubulk" 914
"../../../Engine/Plugins/Runtime/OpenXR/Content/Devices/OculusTouch/MI_OculusTouch.uasset" 915
"../../../Engine/Plugins/Runtime/OpenXR/Content/Devices/OculusTouch/MI_OculusTouch.uexp" 916
"../../../Engine/Plugins/Runtime/OpenXR/Content/Devices/OculusTouch/Left/left_OculusTouchController.uasset" 917
"../../../Engine/Plugins/Runtime/OpenXR/Content/Devices/OculusTouch/Left/left_OculusTouchController.uexp" 918
"../../../Engine/Plugins/Runtime/OpenXR/Content/Devices/OculusTouch/Right/right_OculusTouchController.uasset" 919
"../../../Engine/Plugins/Runtime/OpenXR/Content/Devices/OculusTouch/Right/right_OculusTouchController.uexp" 920
"../../../Engine/Plugins/Runtime/OpenXR/Content/Devices/OculusTouch_v2/MRTexture.uasset" 921
"../../../Engine/Plugins/Runtime/OpenXR/Content/Devices/OculusTouch_v2/MRTexture.uexp" 922
"../../../Engine/Plugins/Runtime/OpenXR/Content/Devices/OculusTouch_v2/MRTexture.ubulk" 923
"../../../Engine/Plugins/Runtime/OpenXR/Content/Devices/OculusTouch_v2/BaseTexture.uasset" 924
"../../../Engine/Plugins/Runtime/OpenXR/Content/Devices/OculusTouch_v2/BaseTexture.uexp" 925
"../../../Engine/Plugins/Runtime/OpenXR/Content/Devices/OculusTouch_v2/BaseTexture.ubulk" 926
"../../../Engine/Plugins/Runtime/OpenXR/Content/Devices/OculusTouch_v2/MI_OculusTouch_v2.uasset" 927
"../../../Engine/Plugins/Runtime/OpenXR/Content/Devices/OculusTouch_v2/MI_OculusTouch_v2.uexp" 928
"../../../Engine/Plugins/Runtime/OpenXR/Content/Devices/OculusTouch_v2/Left/left_OculusTouch_v2Controller.uasset" 929
"../../../Engine/Plugins/Runtime/OpenXR/Content/Devices/OculusTouch_v2/Left/left_OculusTouch_v2Controller.uexp" 930
"../../../Engine/Plugins/Runtime/OpenXR/Content/Devices/OculusTouch_v2/Right/right_OculusTouch_v2Controller.uasset" 931
"../../../Engine/Plugins/Runtime/OpenXR/Content/Devices/OculusTouch_v2/Right/right_OculusTouch_v2Controller.uexp" 932
"../../../Engine/Plugins/Runtime/OpenXR/Content/Devices/OculusTouch_v3/MRTexture.uasset" 933
"../../../Engine/Plugins/Runtime/OpenXR/Content/Devices/OculusTouch_v3/MRTexture.uexp" 934
"../../../Engine/Plugins/Runtime/OpenXR/Content/Devices/OculusTouch_v3/MRTexture.ubulk" 935
"../../../Engine/Plugins/Runtime/OpenXR/Content/Devices/OculusTouch_v3/BaseTexture.uasset" 936
"../../../Engine/Plugins/Runtime/OpenXR/Content/Devices/OculusTouch_v3/BaseTexture.uexp" 937
"../../../Engine/Plugins/Runtime/OpenXR/Content/Devices/OculusTouch_v3/BaseTexture.ubulk" 938
"../../../Engine/Plugins/Runtime/OpenXR/Content/Devices/OculusTouch_v3/MI_OculusTouch_v3.uasset" 939
"../../../Engine/Plugins/Runtime/OpenXR/Content/Devices/OculusTouch_v3/MI_OculusTouch_v3.uexp" 940
"../../../Engine/Plugins/Runtime/OpenXR/Content/Devices/OculusTouch_v3/Left/left_OculusTouch_v3Controller.uasset" 941
"../../../Engine/Plugins/Runtime/OpenXR/Content/Devices/OculusTouch_v3/Left/left_OculusTouch_v3Controller.uexp" 942
"../../../Engine/Plugins/Runtime/OpenXR/Content/Devices/OculusTouch_v3/Right/right_OculusTouch_v3Controller.uasset" 943
"../../../Engine/Plugins/Runtime/OpenXR/Content/Devices/OculusTouch_v3/Right/right_OculusTouch_v3Controller.uexp" 944
"../../../Engine/Plugins/Runtime/OpenXR/Content/Devices/ValveIndex/MRTexture.uasset" 945
"../../../Engine/Plugins/Runtime/OpenXR/Content/Devices/ValveIndex/MRTexture.uexp" 946
"../../../Engine/Plugins/Runtime/OpenXR/Content/Devices/ValveIndex/MRTexture.ubulk" 947
"../../../Engine/Plugins/Runtime/OpenXR/Content/Devices/ValveIndex/BaseTexture.uasset" 948
"../../../Engine/Plugins/Runtime/OpenXR/Content/Devices/ValveIndex/BaseTexture.uexp" 949
"../../../Engine/Plugins/Runtime/OpenXR/Content/Devices/ValveIndex/BaseTexture.ubulk" 950
"../../../Engine/Plugins/Runtime/OpenXR/Content/Devices/ValveIndex/Left/MI_left_ValveIndex.uasset" 951
"../../../Engine/Plugins/Runtime/OpenXR/Content/Devices/ValveIndex/Left/MI_left_ValveIndex.uexp" 952
"../../../Engine/Plugins/Runtime/OpenXR/Content/Devices/ValveIndex/Left/left_ValveIndexController.uasset" 953
"../../../Engine/Plugins/Runtime/OpenXR/Content/Devices/ValveIndex/Left/left_ValveIndexController.uexp" 954
"../../../Engine/Plugins/Runtime/OpenXR/Content/Devices/ValveIndex/Right/MI_right_ValveIndex.uasset" 955
"../../../Engine/Plugins/Runtime/OpenXR/Content/Devices/ValveIndex/Right/MI_right_ValveIndex.uexp" 956
"../../../Engine/Plugins/Runtime/OpenXR/Content/Devices/ValveIndex/Right/right_ValveIndexController.uasset" 957
"../../../Engine/Plugins/Runtime/OpenXR/Content/Devices/ValveIndex/Right/right_ValveIndexController.uexp" 958
"../../../Engine/Content/Functions/Engine_MaterialFunctions02/Utility/BreakOutFloat4Components.uasset" 959
"../../../Engine/Content/Functions/Engine_MaterialFunctions02/Utility/BreakOutFloat4Components.uexp" 960
"../../../Engine/Plugins/Runtime/Oculus/OculusVR/Content/Materials/OculusMR_ChromaKey.uasset" 961
"../../../Engine/Plugins/Runtime/Oculus/OculusVR/Content/Materials/OculusMR_ChromaKey.uexp" 962
"../../../Engine/Plugins/Runtime/Oculus/OculusVR/Content/Materials/OculusMR_OpaqueColoredMaterial.uasset" 963
"../../../Engine/Plugins/Runtime/Oculus/OculusVR/Content/Materials/OculusMR_OpaqueColoredMaterial.uexp" 964
"../../../Engine/Plugins/Runtime/Oculus/OculusVR/Content/Materials/PokeAHoleMaterial.uasset" 965
"../../../Engine/Plugins/Runtime/Oculus/OculusVR/Content/Materials/PokeAHoleMaterial.uexp" 966
"../../../Engine/Plugins/Runtime/Oculus/OculusVR/Content/Textures/touchController_controlmap.uasset" 967
"../../../Engine/Plugins/Runtime/Oculus/OculusVR/Content/Textures/touchController_controlmap.uexp" 968
"../../../Engine/Plugins/Runtime/Oculus/OculusVR/Content/Textures/touchController_controlmap.ubulk" 969
"../../../Engine/Plugins/Runtime/Oculus/OculusVR/Content/Textures/touchController_albedo.uasset" 970
"../../../Engine/Plugins/Runtime/Oculus/OculusVR/Content/Textures/touchController_albedo.uexp" 971
"../../../Engine/Plugins/Runtime/Oculus/OculusVR/Content/Textures/touchController_albedo.ubulk" 972
"../../../Engine/Plugins/Runtime/Oculus/OculusVR/Content/Materials/touchController_mat.uasset" 973
"../../../Engine/Plugins/Runtime/Oculus/OculusVR/Content/Materials/touchController_mat.uexp" 974
"../../../Engine/Plugins/Runtime/Oculus/OculusVR/Content/Meshes/LeftTouchController.uasset" 975
"../../../Engine/Plugins/Runtime/Oculus/OculusVR/Content/Meshes/LeftTouchController.uexp" 976
"../../../Engine/Plugins/Runtime/Oculus/OculusVR/Content/Textures/TouchForQuestRiftSController_albedo.uasset" 977
"../../../Engine/Plugins/Runtime/Oculus/OculusVR/Content/Textures/TouchForQuestRiftSController_albedo.uexp" 978
"../../../Engine/Plugins/Runtime/Oculus/OculusVR/Content/Textures/TouchForQuestRiftSController_albedo.ubulk" 979
"../../../Engine/Plugins/Runtime/Oculus/OculusVR/Content/Materials/TouchForQuestRiftSControllerMaterial.uasset" 980
"../../../Engine/Plugins/Runtime/Oculus/OculusVR/Content/Materials/TouchForQuestRiftSControllerMaterial.uexp" 981
"../../../Engine/Plugins/Runtime/Oculus/OculusVR/Content/Meshes/LeftTouchForQuestRiftSController.uasset" 982
"../../../Engine/Plugins/Runtime/Oculus/OculusVR/Content/Meshes/LeftTouchForQuestRiftSController.uexp" 983
"../../../Engine/Plugins/Runtime/Oculus/OculusVR/Content/Meshes/RiftHMD.uasset" 984
"../../../Engine/Plugins/Runtime/Oculus/OculusVR/Content/Meshes/RiftHMD.uexp" 985
"../../../Engine/Plugins/Runtime/Oculus/OculusVR/Content/Meshes/RightTouchController.uasset" 986
"../../../Engine/Plugins/Runtime/Oculus/OculusVR/Content/Meshes/RightTouchController.uexp" 987
"../../../Engine/Plugins/Runtime/Oculus/OculusVR/Content/Meshes/RightTouchForQuestRiftSController.uasset" 988
"../../../Engine/Plugins/Runtime/Oculus/OculusVR/Content/Meshes/RightTouchForQuestRiftSController.uexp" 989
"../../../Engine/Content/Maps/Entry_BuiltData.uasset" 990
"../../../Engine/Content/Maps/Entry_BuiltData.uexp" 991
"../../../Engine/Content/Maps/Entry.uexp" 992
"../../../Engine/Content/Maps/Entry.umap" 993
"D:/unrealbook/BountyDash/Content/BountyDashMap_BuiltData.uasset" 994
"D:/unrealbook/BountyDash/Content/BountyDashMap_BuiltData.uexp" 995
"D:/unrealbook/BountyDash/Content/BountyDashMap_BuiltData.ubulk" 996
"D:/unrealbook/BountyDash/Content/StarterContent/Textures/T_RockMesh_N.uasset" 997
"D:/unrealbook/BountyDash/Content/StarterContent/Textures/T_RockMesh_N.uexp" 998
"D:/unrealbook/BountyDash/Content/StarterContent/Textures/T_RockMesh_N.ubulk" 999
"D:/unrealbook/BountyDash/Content/StarterContent/Textures/T_RockMesh_M.uasset" 1000
"D:/unrealbook/BountyDash/Content/StarterContent/Textures/T_RockMesh_M.uexp" 1001
"D:/unrealbook/BountyDash/Content/StarterContent/Textures/T_RockMesh_M.ubulk" 1002
"D:/unrealbook/BountyDash/Content/StarterContent/Textures/T_Rock_Basalt_D.uasset" 1003
"D:/unrealbook/BountyDash/Content/StarterContent/Textures/T_Rock_Basalt_D.uexp" 1004
"D:/unrealbook/BountyDash/Content/StarterContent/Textures/T_Rock_Basalt_D.ubulk" 1005
"D:/unrealbook/BountyDash/Content/StarterContent/Textures/T_Detail_Rocky_N.uasset" 1006
"D:/unrealbook/BountyDash/Content/StarterContent/Textures/T_Detail_Rocky_N.uexp" 1007
"D:/unrealbook/BountyDash/Content/StarterContent/Textures/T_Detail_Rocky_N.ubulk" 1008
"D:/unrealbook/BountyDash/Content/StarterContent/Props/Materials/M_Rock.uasset" 1009
"D:/unrealbook/BountyDash/Content/StarterContent/Props/Materials/M_Rock.uexp" 1010
"D:/unrealbook/BountyDash/Content/StarterContent/Props/SM_Rock.uasset" 1011
"D:/unrealbook/BountyDash/Content/StarterContent/Props/SM_Rock.uexp" 1012
"D:/unrealbook/BountyDash/Content/StarterContent/Props/SM_Rock_DM.uasset" 1013
"D:/unrealbook/BountyDash/Content/StarterContent/Props/SM_Rock_DM.uexp" 1014
"D:/unrealbook/BountyDash/Content/RockObstacleBP.uasset" 1015
"D:/unrealbook/BountyDash/Content/RockObstacleBP.uexp" 1016
"D:/unrealbook/BountyDash/Content/StarterContent/Materials/M_AssetPlatform.uasset" 1017
"D:/unrealbook/BountyDash/Content/StarterContent/Materials/M_AssetPlatform.uexp" 1018
"D:/unrealbook/BountyDash/Content/StarterContent/Architecture/SM_AssetPlatform.uasset" 1019
"D:/unrealbook/BountyDash/Content/StarterContent/Architecture/SM_AssetPlatform.uexp" 1020
"D:/unrealbook/BountyDash/Content/StarterContent/Textures/T_Metal_Gold_D.uasset" 1021
"D:/unrealbook/BountyDash/Content/StarterContent/Textures/T_Metal_Gold_D.uexp" 1022
"D:/unrealbook/BountyDash/Content/StarterContent/Textures/T_Metal_Gold_D.ubulk" 1023
"D:/unrealbook/BountyDash/Content/StarterContent/Textures/T_Metal_Gold_N.uasset" 1024
"D:/unrealbook/BountyDash/Content/StarterContent/Textures/T_Metal_Gold_N.uexp" 1025
"D:/unrealbook/BountyDash/Content/StarterContent/Textures/T_Metal_Gold_N.ubulk" 1026
"D:/unrealbook/BountyDash/Content/StarterContent/Materials/M_Metal_Gold.uasset" 1027
"D:/unrealbook/BountyDash/Content/StarterContent/Materials/M_Metal_Gold.uexp" 1028
"D:/unrealbook/BountyDash/Content/CoinBP.uasset" 1029
"D:/unrealbook/BountyDash/Content/CoinBP.uexp" 1030
"../../../Engine/Content/EngineSky/T_Sky_Stars.uasset" 1031
"../../../Engine/Content/EngineSky/T_Sky_Stars.uexp" 1032
"../../../Engine/Content/EngineSky/T_Sky_Stars.ubulk" 1033
"../../../Engine/Content/EngineSky/T_Sky_Clouds_M.uasset" 1034
"../../../Engine/Content/EngineSky/T_Sky_Clouds_M.uexp" 1035
"../../../Engine/Content/EngineSky/T_Sky_Clouds_M.ubulk" 1036
"../../../Engine/Content/EngineSky/T_Sky_Blue.uasset" 1037
"../../../Engine/Content/EngineSky/T_Sky_Blue.uexp" 1038
"../../../Engine/Content/EngineSky/T_Sky_Blue.ubulk" 1039
"../../../Engine/Content/EngineSky/M_Sky_Panning_Clouds2.uasset" 1040
"../../../Engine/Content/EngineSky/M_Sky_Panning_Clouds2.uexp" 1041
"../../../Engine/Content/EngineSky/SM_SkySphere.uasset" 1042
"../../../Engine/Content/EngineSky/SM_SkySphere.uexp" 1043
"../../../Engine/Content/EngineSky/C_Sky_Zenith_Color.uasset" 1044
"../../../Engine/Content/EngineSky/C_Sky_Zenith_Color.uexp" 1045
"../../../Engine/Content/EngineSky/C_Sky_Horizon_Color.uasset" 1046
"../../../Engine/Content/EngineSky/C_Sky_Horizon_Color.uexp" 1047
"../../../Engine/Content/EngineSky/C_Sky_Cloud_Color.uasset" 1048
"../../../Engine/Content/EngineSky/C_Sky_Cloud_Color.uexp" 1049
"../../../Engine/Content/EngineSky/BP_Sky_Sphere.uasset" 1050
"../../../Engine/Content/EngineSky/BP_Sky_Sphere.uexp" 1051
"D:/unrealbook/BountyDash/Content/BountyDashMap.uexp" 1052
"D:/unrealbook/BountyDash/Content/BountyDashMap.umap" 1053
"D:/unrealbook/BountyDash/Content/StarterContent/Audio/Starter_Background_Cue.uasset" 1054
"D:/unrealbook/BountyDash/Content/StarterContent/Audio/Starter_Background_Cue.uexp" 1055
"D:/unrealbook/BountyDash/Content/StarterContent/Materials/M_Basic_Floor.uasset" 1056
"D:/unrealbook/BountyDash/Content/StarterContent/Materials/M_Basic_Floor.uexp" 1057
"D:/unrealbook/BountyDash/Content/StarterContent/Architecture/Floor_400x400.uasset" 1058
"D:/unrealbook/BountyDash/Content/StarterContent/Architecture/Floor_400x400.uexp" 1059
"D:/unrealbook/BountyDash/Content/StarterContent/Textures/T_TableRound_N.uasset" 1060
"D:/unrealbook/BountyDash/Content/StarterContent/Textures/T_TableRound_N.uexp" 1061
"D:/unrealbook/BountyDash/Content/StarterContent/Textures/T_TableRound_N.ubulk" 1062
"D:/unrealbook/BountyDash/Content/StarterContent/Textures/T_TableRound_M.uasset" 1063
"D:/unrealbook/BountyDash/Content/StarterContent/Textures/T_TableRound_M.uexp" 1064
"D:/unrealbook/BountyDash/Content/StarterContent/Textures/T_TableRound_M.ubulk" 1065
"D:/unrealbook/BountyDash/Content/StarterContent/Props/Materials/M_TableRound.uasset" 1066
"D:/unrealbook/BountyDash/Content/StarterContent/Props/Materials/M_TableRound.uexp" 1067
"D:/unrealbook/BountyDash/Content/StarterContent/Props/SM_TableRound.uasset" 1068
"D:/unrealbook/BountyDash/Content/StarterContent/Props/SM_TableRound.uexp" 1069
"D:/unrealbook/BountyDash/Content/StarterContent/Textures/T_Statue_N.uasset" 1070
"D:/unrealbook/BountyDash/Content/StarterContent/Textures/T_Statue_N.uexp" 1071
"D:/unrealbook/BountyDash/Content/StarterContent/Textures/T_Statue_N.ubulk" 1072
"D:/unrealbook/BountyDash/Content/StarterContent/Textures/T_Statue_M.uasset" 1073
"D:/unrealbook/BountyDash/Content/StarterContent/Textures/T_Statue_M.uexp" 1074
"D:/unrealbook/BountyDash/Content/StarterContent/Textures/T_Statue_M.ubulk" 1075
"D:/unrealbook/BountyDash/Content/StarterContent/Props/Materials/M_Statue.uasset" 1076
"D:/unrealbook/BountyDash/Content/StarterContent/Props/Materials/M_Statue.uexp" 1077
"D:/unrealbook/BountyDash/Content/StarterContent/Props/Materials/M_StatueGlass.uasset" 1078
"D:/unrealbook/BountyDash/Content/StarterContent/Props/Materials/M_StatueGlass.uexp" 1079
"D:/unrealbook/BountyDash/Content/StarterContent/Props/SM_Statue.uasset" 1080
"D:/unrealbook/BountyDash/Content/StarterContent/Props/SM_Statue.uexp" 1081
"D:/unrealbook/BountyDash/Content/StarterContent/Textures/T_Chair_N.uasset" 1082
"D:/unrealbook/BountyDash/Content/StarterContent/Textures/T_Chair_N.uexp" 1083
"D:/unrealbook/BountyDash/Content/StarterContent/Textures/T_Chair_N.ubulk" 1084
"D:/unrealbook/BountyDash/Content/StarterContent/Textures/T_Chair_M.uasset" 1085
"D:/unrealbook/BountyDash/Content/StarterContent/Textures/T_Chair_M.uexp" 1086
"D:/unrealbook/BountyDash/Content/StarterContent/Textures/T_Chair_M.ubulk" 1087
"D:/unrealbook/BountyDash/Content/StarterContent/Props/Materials/M_Chair.uasset" 1088
"D:/unrealbook/BountyDash/Content/StarterContent/Props/Materials/M_Chair.uexp" 1089
"D:/unrealbook/BountyDash/Content/StarterContent/Props/SM_Chair.uasset" 1090
"D:/unrealbook/BountyDash/Content/StarterContent/Props/SM_Chair.uexp" 1091
"D:/unrealbook/BountyDash/Content/StarterContent/Textures/T_Metal_Copper_D.uasset" 1092
"D:/unrealbook/BountyDash/Content/StarterContent/Textures/T_Metal_Copper_D.uexp" 1093
"D:/unrealbook/BountyDash/Content/StarterContent/Textures/T_Metal_Copper_D.ubulk" 1094
"D:/unrealbook/BountyDash/Content/StarterContent/Materials/M_Metal_Copper.uasset" 1095
"D:/unrealbook/BountyDash/Content/StarterContent/Materials/M_Metal_Copper.uexp" 1096
"D:/unrealbook/BountyDash/Content/StarterContent/Textures/T_Metal_Aluminum_D.uasset" 1097
"D:/unrealbook/BountyDash/Content/StarterContent/Textures/T_Metal_Aluminum_D.uexp" 1098
"D:/unrealbook/BountyDash/Content/StarterContent/Textures/T_Metal_Aluminum_D.ubulk" 1099
"D:/unrealbook/BountyDash/Content/StarterContent/Materials/M_Metal_Burnished_Steel.uasset" 1100
"D:/unrealbook/BountyDash/Content/StarterContent/Materials/M_Metal_Burnished_Steel.uexp" 1101
"D:/unrealbook/BountyDash/Content/StarterContent/Materials/M_Metal_Brushed_Nickel.uasset" 1102
"D:/unrealbook/BountyDash/Content/StarterContent/Materials/M_Metal_Brushed_Nickel.uexp" 1103
"D:/unrealbook/BountyDash/Content/StarterContent/Maps/Minimal_Default_BuiltData.uasset" 1104
"D:/unrealbook/BountyDash/Content/StarterContent/Maps/Minimal_Default_BuiltData.uexp" 1105
"D:/unrealbook/BountyDash/Content/StarterContent/Maps/Minimal_Default_BuiltData.ubulk" 1106
"D:/unrealbook/BountyDash/Content/StarterContent/Maps/Minimal_Default.uexp" 1107
"D:/unrealbook/BountyDash/Content/StarterContent/Maps/Minimal_Default.umap" 1108
